[2019-01-03 14:32:55.588] [renderer1] [info] no standard startup: not just one text editor
[2019-01-04 13:04:45.959] [renderer1] [error] Item is disposed.: Error: Item is disposed.
    at e.run (file:///usr/share/code/resources/app/out/vs/workbench/workbench.main.js:350:259)
    at new n.Class.derive._oncancel (file:///usr/share/code/resources/app/out/vs/workbench/workbench.main.js:169:776)
    at e.run (file:///usr/share/code/resources/app/out/vs/workbench/workbench.main.js:350:203)
    at file:///usr/share/code/resources/app/out/vs/workbench/workbench.main.js:350:167
    at file:///usr/share/code/resources/app/out/vs/workbench/workbench.main.js:181:679
    at e.fire (file:///usr/share/code/resources/app/out/vs/workbench/workbench.main.js:183:466)
    at e.dispose (file:///usr/share/code/resources/app/out/vs/workbench/workbench.main.js:349:831)
    at file:///usr/share/code/resources/app/out/vs/workbench/workbench.main.js:350:380
    at <anonymous>
[2019-01-16 11:15:06.100] [renderer1] [error] cannot open file:///home/juliandierker/stud-dev/trunk/trunk/public/assets/javascripts/ckeditor-backup. Detail: File is directory: Error: cannot open file:///home/juliandierker/stud-dev/trunk/trunk/public/assets/javascripts/ckeditor-backup. Detail: File is directory
    at file:///usr/share/code/resources/app/out/vs/workbench/workbench.main.js:4408:262
    at Object.v [as _notify] (file:///usr/share/code/resources/app/out/vs/workbench/workbench.main.js:163:532)
    at Object.enter (file:///usr/share/code/resources/app/out/vs/workbench/workbench.main.js:166:784)
    at n.Class.derive._creator._run (file:///usr/share/code/resources/app/out/vs/workbench/workbench.main.js:168:100)
    at n.Class.derive._creator._chainedError (file:///usr/share/code/resources/app/out/vs/workbench/workbench.main.js:167:477)
    at n (file:///usr/share/code/resources/app/out/vs/workbench/workbench.main.js:165:305)
    at n.Class.define.cancel.then (file:///usr/share/code/resources/app/out/vs/workbench/workbench.main.js:168:909)
    at Object.enter (file:///usr/share/code/resources/app/out/vs/workbench/workbench.main.js:165:374)
    at n.Class.derive._creator._run (file:///usr/share/code/resources/app/out/vs/workbench/workbench.main.js:168:100)
    at n.Class.derive._creator._setCompleteValue (file:///usr/share/code/resources/app/out/vs/workbench/workbench.main.js:167:812)
    at Object.v [as _notify] (file:///usr/share/code/resources/app/out/vs/workbench/workbench.main.js:163:514)
    at Object.enter (file:///usr/share/code/resources/app/out/vs/workbench/workbench.main.js:166:784)
    at n.Class.derive._creator._run (file:///usr/share/code/resources/app/out/vs/workbench/workbench.main.js:168:100)
    at n.Class.derive._creator._chainedError (file:///usr/share/code/resources/app/out/vs/workbench/workbench.main.js:167:477)
    at n (file:///usr/share/code/resources/app/out/vs/workbench/workbench.main.js:165:305)
    at n.Class.define.cancel.then (file:///usr/share/code/resources/app/out/vs/workbench/workbench.main.js:168:909)
    at Object.enter (file:///usr/share/code/resources/app/out/vs/workbench/workbench.main.js:165:374)
    at n.Class.derive._creator._run (file:///usr/share/code/resources/app/out/vs/workbench/workbench.main.js:168:100)
    at n.Class.derive._creator._setCompleteValue (file:///usr/share/code/resources/app/out/vs/workbench/workbench.main.js:167:812)
    at Object.v [as _notify] (file:///usr/share/code/resources/app/out/vs/workbench/workbench.main.js:163:514)
    at Object.enter (file:///usr/share/code/resources/app/out/vs/workbench/workbench.main.js:166:784)
    at n.Class.derive._creator._run (file:///usr/share/code/resources/app/out/vs/workbench/workbench.main.js:168:100)
    at n.Class.derive._creator._chainedError (file:///usr/share/code/resources/app/out/vs/workbench/workbench.main.js:167:477)
    at n (file:///usr/share/code/resources/app/out/vs/workbench/workbench.main.js:165:305)
    at n.Class.define.cancel.then (file:///usr/share/code/resources/app/out/vs/workbench/workbench.main.js:168:909)
    at Object.enter (file:///usr/share/code/resources/app/out/vs/workbench/workbench.main.js:165:374)
    at n.Class.derive._creator._run (file:///usr/share/code/resources/app/out/vs/workbench/workbench.main.js:168:100)
    at n.Class.derive._creator._setCompleteValue (file:///usr/share/code/resources/app/out/vs/workbench/workbench.main.js:167:812)
    at Object.v [as _notify] (file:///usr/share/code/resources/app/out/vs/workbench/workbench.main.js:163:514)
    at Object.enter (file:///usr/share/code/resources/app/out/vs/workbench/workbench.main.js:166:784)
    at n.Class.derive._creator._run (file:///usr/share/code/resources/app/out/vs/workbench/workbench.main.js:168:100)
    at n.Class.derive._creator._chainedError (file:///usr/share/code/resources/app/out/vs/workbench/workbench.main.js:167:477)
    at n (file:///usr/share/code/resources/app/out/vs/workbench/workbench.main.js:165:305)
    at n.Class.define.cancel.then (file:///usr/share/code/resources/app/out/vs/workbench/workbench.main.js:168:909)
    at Object.enter (file:///usr/share/code/resources/app/out/vs/workbench/workbench.main.js:165:374)
    at n.Class.derive._creator._run (file:///usr/share/code/resources/app/out/vs/workbench/workbench.main.js:168:100)
    at n.Class.derive._creator._setCompleteValue (file:///usr/share/code/resources/app/out/vs/workbench/workbench.main.js:167:812)
    at Object.v [as _notify] (file:///usr/share/code/resources/app/out/vs/workbench/workbench.main.js:163:514)
    at Object.enter (file:///usr/share/code/resources/app/out/vs/workbench/workbench.main.js:166:784)
    at n.Class.derive._creator._run (file:///usr/share/code/resources/app/out/vs/workbench/workbench.main.js:168:100)
    at n.Class.derive._creator._chainedError (file:///usr/share/code/resources/app/out/vs/workbench/workbench.main.js:167:477)
    at n (file:///usr/share/code/resources/app/out/vs/workbench/workbench.main.js:165:305)
    at n.Class.define.cancel.then (file:///usr/share/code/resources/app/out/vs/workbench/workbench.main.js:168:909)
    at Object.enter (file:///usr/share/code/resources/app/out/vs/workbench/workbench.main.js:165:374)
    at n.Class.derive._creator._run (file:///usr/share/code/resources/app/out/vs/workbench/workbench.main.js:168:100)
    at n.Class.derive._creator._setCompleteValue (file:///usr/share/code/resources/app/out/vs/workbench/workbench.main.js:167:812)
    at Object.v [as _notify] (file:///usr/share/code/resources/app/out/vs/workbench/workbench.main.js:163:514)
    at Object.enter (file:///usr/share/code/resources/app/out/vs/workbench/workbench.main.js:166:784)
    at n.Class.derive._oncancel._run (file:///usr/share/code/resources/app/out/vs/workbench/workbench.main.js:168:100)
    at n.Class.derive._oncancel._error (file:///usr/share/code/resources/app/out/vs/workbench/workbench.main.js:167:635)
    at l (file:///usr/share/code/resources/app/out/vs/workbench/workbench.main.js:171:98)
    at file:///usr/share/code/resources/app/out/vs/workbench/workbench.main.js:171:230
    at Object.v [as _notify] (file:///usr/share/code/resources/app/out/vs/workbench/workbench.main.js:163:532)
    at Object.enter (file:///usr/share/code/resources/app/out/vs/workbench/workbench.main.js:166:784)
    at n.Class.derive._creator._run (file:///usr/share/code/resources/app/out/vs/workbench/workbench.main.js:168:100)
    at n.Class.derive._creator._chainedError (file:///usr/share/code/resources/app/out/vs/workbench/workbench.main.js:167:477)
    at n (file:///usr/share/code/resources/app/out/vs/workbench/workbench.main.js:165:305)
    at n.Class.define.cancel.then (file:///usr/share/code/resources/app/out/vs/workbench/workbench.main.js:168:909)
    at Object.enter (file:///usr/share/code/resources/app/out/vs/workbench/workbench.main.js:165:374)
    at n.Class.derive._creator._run (file:///usr/share/code/resources/app/out/vs/workbench/workbench.main.js:168:100)
    at n.Class.derive._creator._setCompleteValue (file:///usr/share/code/resources/app/out/vs/workbench/workbench.main.js:167:812)
    at Object.g [as _notify] (file:///usr/share/code/resources/app/out/vs/workbench/workbench.main.js:162:951)
    at Object.enter (file:///usr/share/code/resources/app/out/vs/workbench/workbench.main.js:166:277)
    at n.Class.derive._creator._run (file:///usr/share/code/resources/app/out/vs/workbench/workbench.main.js:168:100)
    at n.Class.derive._creator._completed (file:///usr/share/code/resources/app/out/vs/workbench/workbench.main.js:167:559)
    at Object.g [as _notify] (file:///usr/share/code/resources/app/out/vs/workbench/workbench.main.js:162:971)
    at Object.enter (file:///usr/share/code/resources/app/out/vs/workbench/workbench.main.js:166:277)
    at n.Class.derive._oncancel._run (file:///usr/share/code/resources/app/out/vs/workbench/workbench.main.js:168:100)
    at n.Class.derive._oncancel._completed (file:///usr/share/code/resources/app/out/vs/workbench/workbench.main.js:167:559)
    at file:///usr/share/code/resources/app/out/vs/workbench/workbench.main.js:3343:802
    at file:///usr/share/code/resources/app/out/vs/workbench/workbench.main.js:3344:701
    at file:///usr/share/code/resources/app/out/vs/workbench/workbench.main.js:296:530
    at Function.<anonymous> (file:///usr/share/code/resources/app/out/vs/workbench/workbench.main.js:3344:674)
    at file:///usr/share/code/resources/app/out/vs/workbench/workbench.main.js:296:137
    at s (file:///usr/share/code/resources/app/out/vs/workbench/workbench.main.js:295:684)
    at file:///usr/share/code/resources/app/out/vs/workbench/workbench.main.js:295:788
    at _combinedTickCallback (internal/process/next_tick.js:131:7)
    at process._tickCallback (internal/process/next_tick.js:180:9)
[2019-01-17 12:34:11.781] [renderer1] [error] An unknown error occurred. Please consult the log for more details.
[2019-01-17 16:20:48.469] [renderer1] [error] cannot open file:///home/juliandierker/stud-dev/trunk/trunk/public/assets/javascripts/ckfinder. Detail: File is directory: Error: cannot open file:///home/juliandierker/stud-dev/trunk/trunk/public/assets/javascripts/ckfinder. Detail: File is directory
    at file:///usr/share/code/resources/app/out/vs/workbench/workbench.main.js:4408:262
    at Object.v [as _notify] (file:///usr/share/code/resources/app/out/vs/workbench/workbench.main.js:163:532)
    at Object.enter (file:///usr/share/code/resources/app/out/vs/workbench/workbench.main.js:166:784)
    at n.Class.derive._creator._run (file:///usr/share/code/resources/app/out/vs/workbench/workbench.main.js:168:100)
    at n.Class.derive._creator._chainedError (file:///usr/share/code/resources/app/out/vs/workbench/workbench.main.js:167:477)
    at n (file:///usr/share/code/resources/app/out/vs/workbench/workbench.main.js:165:305)
    at n.Class.define.cancel.then (file:///usr/share/code/resources/app/out/vs/workbench/workbench.main.js:168:909)
    at Object.enter (file:///usr/share/code/resources/app/out/vs/workbench/workbench.main.js:165:374)
    at n.Class.derive._creator._run (file:///usr/share/code/resources/app/out/vs/workbench/workbench.main.js:168:100)
    at n.Class.derive._creator._setCompleteValue (file:///usr/share/code/resources/app/out/vs/workbench/workbench.main.js:167:812)
    at Object.v [as _notify] (file:///usr/share/code/resources/app/out/vs/workbench/workbench.main.js:163:514)
    at Object.enter (file:///usr/share/code/resources/app/out/vs/workbench/workbench.main.js:166:784)
    at n.Class.derive._creator._run (file:///usr/share/code/resources/app/out/vs/workbench/workbench.main.js:168:100)
    at n.Class.derive._creator._chainedError (file:///usr/share/code/resources/app/out/vs/workbench/workbench.main.js:167:477)
    at n (file:///usr/share/code/resources/app/out/vs/workbench/workbench.main.js:165:305)
    at n.Class.define.cancel.then (file:///usr/share/code/resources/app/out/vs/workbench/workbench.main.js:168:909)
    at Object.enter (file:///usr/share/code/resources/app/out/vs/workbench/workbench.main.js:165:374)
    at n.Class.derive._creator._run (file:///usr/share/code/resources/app/out/vs/workbench/workbench.main.js:168:100)
    at n.Class.derive._creator._setCompleteValue (file:///usr/share/code/resources/app/out/vs/workbench/workbench.main.js:167:812)
    at Object.v [as _notify] (file:///usr/share/code/resources/app/out/vs/workbench/workbench.main.js:163:514)
    at Object.enter (file:///usr/share/code/resources/app/out/vs/workbench/workbench.main.js:166:784)
    at n.Class.derive._creator._run (file:///usr/share/code/resources/app/out/vs/workbench/workbench.main.js:168:100)
    at n.Class.derive._creator._chainedError (file:///usr/share/code/resources/app/out/vs/workbench/workbench.main.js:167:477)
    at n (file:///usr/share/code/resources/app/out/vs/workbench/workbench.main.js:165:305)
    at n.Class.define.cancel.then (file:///usr/share/code/resources/app/out/vs/workbench/workbench.main.js:168:909)
    at Object.enter (file:///usr/share/code/resources/app/out/vs/workbench/workbench.main.js:165:374)
    at n.Class.derive._creator._run (file:///usr/share/code/resources/app/out/vs/workbench/workbench.main.js:168:100)
    at n.Class.derive._creator._setCompleteValue (file:///usr/share/code/resources/app/out/vs/workbench/workbench.main.js:167:812)
    at Object.v [as _notify] (file:///usr/share/code/resources/app/out/vs/workbench/workbench.main.js:163:514)
    at Object.enter (file:///usr/share/code/resources/app/out/vs/workbench/workbench.main.js:166:784)
    at n.Class.derive._creator._run (file:///usr/share/code/resources/app/out/vs/workbench/workbench.main.js:168:100)
    at n.Class.derive._creator._chainedError (file:///usr/share/code/resources/app/out/vs/workbench/workbench.main.js:167:477)
    at n (file:///usr/share/code/resources/app/out/vs/workbench/workbench.main.js:165:305)
    at n.Class.define.cancel.then (file:///usr/share/code/resources/app/out/vs/workbench/workbench.main.js:168:909)
    at Object.enter (file:///usr/share/code/resources/app/out/vs/workbench/workbench.main.js:165:374)
    at n.Class.derive._creator._run (file:///usr/share/code/resources/app/out/vs/workbench/workbench.main.js:168:100)
    at n.Class.derive._creator._setCompleteValue (file:///usr/share/code/resources/app/out/vs/workbench/workbench.main.js:167:812)
    at Object.v [as _notify] (file:///usr/share/code/resources/app/out/vs/workbench/workbench.main.js:163:514)
    at Object.enter (file:///usr/share/code/resources/app/out/vs/workbench/workbench.main.js:166:784)
    at n.Class.derive._creator._run (file:///usr/share/code/resources/app/out/vs/workbench/workbench.main.js:168:100)
    at n.Class.derive._creator._chainedError (file:///usr/share/code/resources/app/out/vs/workbench/workbench.main.js:167:477)
    at n (file:///usr/share/code/resources/app/out/vs/workbench/workbench.main.js:165:305)
    at n.Class.define.cancel.then (file:///usr/share/code/resources/app/out/vs/workbench/workbench.main.js:168:909)
    at Object.enter (file:///usr/share/code/resources/app/out/vs/workbench/workbench.main.js:165:374)
    at n.Class.derive._creator._run (file:///usr/share/code/resources/app/out/vs/workbench/workbench.main.js:168:100)
    at n.Class.derive._creator._setCompleteValue (file:///usr/share/code/resources/app/out/vs/workbench/workbench.main.js:167:812)
    at Object.v [as _notify] (file:///usr/share/code/resources/app/out/vs/workbench/workbench.main.js:163:514)
    at Object.enter (file:///usr/share/code/resources/app/out/vs/workbench/workbench.main.js:166:784)
    at n.Class.derive._oncancel._run (file:///usr/share/code/resources/app/out/vs/workbench/workbench.main.js:168:100)
    at n.Class.derive._oncancel._error (file:///usr/share/code/resources/app/out/vs/workbench/workbench.main.js:167:635)
    at l (file:///usr/share/code/resources/app/out/vs/workbench/workbench.main.js:171:98)
    at file:///usr/share/code/resources/app/out/vs/workbench/workbench.main.js:171:230
    at Object.v [as _notify] (file:///usr/share/code/resources/app/out/vs/workbench/workbench.main.js:163:532)
    at Object.enter (file:///usr/share/code/resources/app/out/vs/workbench/workbench.main.js:166:784)
    at n.Class.derive._creator._run (file:///usr/share/code/resources/app/out/vs/workbench/workbench.main.js:168:100)
    at n.Class.derive._creator._chainedError (file:///usr/share/code/resources/app/out/vs/workbench/workbench.main.js:167:477)
    at n (file:///usr/share/code/resources/app/out/vs/workbench/workbench.main.js:165:305)
    at n.Class.define.cancel.then (file:///usr/share/code/resources/app/out/vs/workbench/workbench.main.js:168:909)
    at Object.enter (file:///usr/share/code/resources/app/out/vs/workbench/workbench.main.js:165:374)
    at n.Class.derive._creator._run (file:///usr/share/code/resources/app/out/vs/workbench/workbench.main.js:168:100)
    at n.Class.derive._creator._setCompleteValue (file:///usr/share/code/resources/app/out/vs/workbench/workbench.main.js:167:812)
    at Object.g [as _notify] (file:///usr/share/code/resources/app/out/vs/workbench/workbench.main.js:162:951)
    at Object.enter (file:///usr/share/code/resources/app/out/vs/workbench/workbench.main.js:166:277)
    at n.Class.derive._creator._run (file:///usr/share/code/resources/app/out/vs/workbench/workbench.main.js:168:100)
    at n.Class.derive._creator._completed (file:///usr/share/code/resources/app/out/vs/workbench/workbench.main.js:167:559)
    at Object.g [as _notify] (file:///usr/share/code/resources/app/out/vs/workbench/workbench.main.js:162:971)
    at Object.enter (file:///usr/share/code/resources/app/out/vs/workbench/workbench.main.js:166:277)
    at n.Class.derive._oncancel._run (file:///usr/share/code/resources/app/out/vs/workbench/workbench.main.js:168:100)
    at n.Class.derive._oncancel._completed (file:///usr/share/code/resources/app/out/vs/workbench/workbench.main.js:167:559)
    at file:///usr/share/code/resources/app/out/vs/workbench/workbench.main.js:3343:802
    at file:///usr/share/code/resources/app/out/vs/workbench/workbench.main.js:3344:701
    at Object.t.parallel (file:///usr/share/code/resources/app/out/vs/workbench/workbench.main.js:296:407)
    at file:///usr/share/code/resources/app/out/vs/workbench/workbench.main.js:3343:973
    at go$readdir$cb (/usr/share/code/resources/app/node_modules.asar/graceful-fs/graceful-fs.js:149:14)
    at FSReqWrap.oncomplete (original-fs.js:135:15)
[2019-01-29 10:17:33.051] [renderer1] [info] no standard startup: not just one text editor
[2019-01-29 14:39:01.065] [renderer1] [error] Tree element not found: [object Object]: Error: Tree element not found: [object Object]
    at e.getElementLocation (file:///usr/share/code/resources/app/out/vs/workbench/workbench.main.js:207:248)
    at e.isCollapsed (file:///usr/share/code/resources/app/out/vs/workbench/workbench.main.js:206:715)
    at i.e.isCollapsed (file:///usr/share/code/resources/app/out/vs/workbench/workbench.main.js:942:187)
    at i.e.isExpanded (file:///usr/share/code/resources/app/out/vs/workbench/workbench.main.js:942:250)
    at t.revealMarkersForCurrentActiveEditor (file:///usr/share/code/resources/app/out/vs/workbench/workbench.main.js:4628:275)
    at t.autoReveal (file:///usr/share/code/resources/app/out/vs/workbench/workbench.main.js:4628:95)
    at t.onActiveEditorChanged (file:///usr/share/code/resources/app/out/vs/workbench/workbench.main.js:4625:36)
    at e.fire (file:///usr/share/code/resources/app/out/vs/workbench/workbench.main.js:183:486)
    at t.doEmitActiveEditorChangeEvent (file:///usr/share/code/resources/app/out/vs/workbench/workbench.main.js:4638:433)
    at t.handleActiveEditorChange (file:///usr/share/code/resources/app/out/vs/workbench/workbench.main.js:4638:209)
    at file:///usr/share/code/resources/app/out/vs/workbench/workbench.main.js:4638:557
    at e.fire (file:///usr/share/code/resources/app/out/vs/workbench/workbench.main.js:183:466)
    at file:///usr/share/code/resources/app/out/vs/workbench/workbench.main.js:5084:591
    at n.Class.define.cancel.then (file:///usr/share/code/resources/app/out/vs/workbench/workbench.main.js:169:517)
    at t.doShowEditor (file:///usr/share/code/resources/app/out/vs/workbench/workbench.main.js:5084:537)
    at t.doOpenEditor (file:///usr/share/code/resources/app/out/vs/workbench/workbench.main.js:5084:409)
    at t.openEditor (file:///usr/share/code/resources/app/out/vs/workbench/workbench.main.js:5083:976)
    at r (file:///usr/share/code/resources/app/out/vs/workbench/workbench.main.js:4563:199)
    at HTMLDivElement.<anonymous> (file:///usr/share/code/resources/app/out/vs/workbench/workbench.main.js:4563:394)
