[2019-01-03 14:32:56.864] [sharedprocess] [info] main {"machineId":"58628321f52802b2e9ac63dc3013759fd0dd2b61222d2d830ef57cb6dd5f2766"}
[2019-01-03 14:32:56.911] [sharedprocess] [info] Scanned user extensions: 3
[2019-01-03 14:32:56.922] [sharedprocess] [info] Scanned user extensions: 3
[2019-01-03 14:32:56.923] [sharedprocess] [info] Scanned user extensions: 3
[2019-01-03 14:32:56.964] [sharedprocess] [info] Scanned system extensions: 71
[2019-01-03 14:32:56.967] [sharedprocess] [info] Scanned system extensions: 71
[2019-01-03 14:32:56.969] [sharedprocess] [info] Scanned system extensions: 71
[2019-01-03 14:32:56.986] [sharedprocess] [info] Scanned user extensions: 3
[2019-01-03 14:33:36.868] [sharedprocess] [info] Starting to clean up unused language packs.
[2019-01-03 14:37:57.002] [sharedprocess] [info] Scanned user extensions: 3
[2019-01-03 14:42:57.016] [sharedprocess] [info] Scanned user extensions: 3
[2019-01-03 14:47:57.026] [sharedprocess] [info] Scanned user extensions: 3
[2019-01-03 14:52:57.040] [sharedprocess] [info] Scanned user extensions: 3
[2019-01-03 14:57:57.060] [sharedprocess] [info] Scanned user extensions: 3
[2019-01-03 15:02:57.075] [sharedprocess] [info] Scanned user extensions: 3
[2019-01-04 10:44:06.179] [sharedprocess] [info] Scanned user extensions: 3
[2019-01-04 10:49:06.190] [sharedprocess] [info] Scanned user extensions: 3
[2019-01-04 10:54:06.204] [sharedprocess] [info] Scanned user extensions: 3
[2019-01-04 10:59:06.217] [sharedprocess] [info] Scanned user extensions: 3
[2019-01-04 11:04:06.234] [sharedprocess] [info] Scanned user extensions: 3
[2019-01-04 11:09:06.245] [sharedprocess] [info] Scanned user extensions: 3
[2019-01-04 11:14:06.260] [sharedprocess] [info] Scanned user extensions: 3
[2019-01-04 11:19:06.284] [sharedprocess] [info] Scanned user extensions: 3
[2019-01-04 11:24:06.317] [sharedprocess] [info] Scanned user extensions: 3
[2019-01-04 11:29:06.333] [sharedprocess] [info] Scanned user extensions: 3
[2019-01-04 11:34:06.347] [sharedprocess] [info] Scanned user extensions: 3
[2019-01-04 11:39:06.361] [sharedprocess] [info] Scanned user extensions: 3
[2019-01-04 11:44:06.446] [sharedprocess] [info] Scanned user extensions: 3
[2019-01-04 11:49:06.459] [sharedprocess] [info] Scanned user extensions: 3
[2019-01-04 11:54:06.474] [sharedprocess] [info] Scanned user extensions: 3
[2019-01-04 11:59:06.487] [sharedprocess] [info] Scanned user extensions: 3
[2019-01-04 12:04:06.501] [sharedprocess] [info] Scanned user extensions: 3
[2019-01-04 12:09:06.516] [sharedprocess] [info] Scanned user extensions: 3
[2019-01-04 12:14:06.531] [sharedprocess] [info] Scanned user extensions: 3
[2019-01-04 12:19:06.547] [sharedprocess] [info] Scanned user extensions: 3
[2019-01-04 12:24:06.561] [sharedprocess] [info] Scanned user extensions: 3
[2019-01-04 12:29:06.576] [sharedprocess] [info] Scanned user extensions: 3
[2019-01-04 12:34:06.593] [sharedprocess] [info] Scanned user extensions: 3
[2019-01-04 12:39:06.616] [sharedprocess] [info] Scanned user extensions: 3
[2019-01-04 12:44:06.708] [sharedprocess] [info] Scanned user extensions: 3
[2019-01-04 12:49:06.721] [sharedprocess] [info] Scanned user extensions: 3
[2019-01-04 12:54:06.737] [sharedprocess] [info] Scanned user extensions: 3
[2019-01-04 12:59:06.750] [sharedprocess] [info] Scanned user extensions: 3
[2019-01-04 13:04:06.767] [sharedprocess] [info] Scanned user extensions: 3
[2019-01-04 13:09:06.782] [sharedprocess] [info] Scanned user extensions: 3
[2019-01-04 13:14:06.797] [sharedprocess] [info] Scanned user extensions: 3
[2019-01-04 13:19:06.811] [sharedprocess] [info] Scanned user extensions: 3
[2019-01-04 13:24:06.823] [sharedprocess] [info] Scanned user extensions: 3
[2019-01-04 13:29:06.837] [sharedprocess] [info] Scanned user extensions: 3
[2019-01-04 13:34:06.847] [sharedprocess] [info] Scanned user extensions: 3
[2019-01-04 13:39:06.861] [sharedprocess] [info] Scanned user extensions: 3
[2019-01-04 13:44:06.946] [sharedprocess] [info] Scanned user extensions: 3
[2019-01-08 10:05:40.255] [sharedprocess] [info] Scanned user extensions: 3
[2019-01-08 10:10:40.268] [sharedprocess] [info] Scanned user extensions: 3
[2019-01-08 10:15:40.280] [sharedprocess] [info] Scanned user extensions: 3
[2019-01-08 10:20:40.292] [sharedprocess] [info] Scanned user extensions: 3
[2019-01-08 10:25:40.314] [sharedprocess] [info] Scanned user extensions: 3
[2019-01-08 10:30:40.325] [sharedprocess] [info] Scanned user extensions: 3
[2019-01-08 10:35:40.332] [sharedprocess] [info] Scanned user extensions: 3
[2019-01-08 10:40:35.716] [sharedprocess] [info] Scanned user extensions: 3
[2019-01-08 10:45:35.729] [sharedprocess] [info] Scanned user extensions: 3
[2019-01-08 10:50:35.742] [sharedprocess] [info] Scanned user extensions: 3
[2019-01-08 10:55:35.754] [sharedprocess] [info] Scanned user extensions: 3
[2019-01-08 11:00:35.770] [sharedprocess] [info] Scanned user extensions: 3
[2019-01-08 11:05:35.849] [sharedprocess] [info] Scanned user extensions: 3
[2019-01-08 11:10:35.862] [sharedprocess] [info] Scanned user extensions: 3
[2019-01-08 11:15:35.877] [sharedprocess] [info] Scanned user extensions: 3
[2019-01-08 11:20:35.892] [sharedprocess] [info] Scanned user extensions: 3
[2019-01-08 11:25:35.903] [sharedprocess] [info] Scanned user extensions: 3
[2019-01-08 11:30:35.916] [sharedprocess] [info] Scanned user extensions: 3
[2019-01-08 11:35:35.930] [sharedprocess] [info] Scanned user extensions: 3
[2019-01-08 11:40:35.948] [sharedprocess] [info] Scanned user extensions: 3
[2019-01-08 11:45:35.961] [sharedprocess] [info] Scanned user extensions: 3
[2019-01-08 11:50:35.976] [sharedprocess] [info] Scanned user extensions: 3
[2019-01-08 11:55:35.989] [sharedprocess] [info] Scanned user extensions: 3
[2019-01-08 12:00:35.999] [sharedprocess] [info] Scanned user extensions: 3
[2019-01-08 12:05:36.076] [sharedprocess] [info] Scanned user extensions: 3
[2019-01-08 12:10:36.084] [sharedprocess] [info] Scanned user extensions: 3
[2019-01-08 12:15:36.098] [sharedprocess] [info] Scanned user extensions: 3
[2019-01-08 12:20:36.108] [sharedprocess] [info] Scanned user extensions: 3
[2019-01-08 12:25:36.117] [sharedprocess] [info] Scanned user extensions: 3
[2019-01-08 13:10:13.561] [sharedprocess] [info] Scanned user extensions: 3
[2019-01-08 13:15:13.576] [sharedprocess] [info] Scanned user extensions: 3
[2019-01-08 13:20:13.587] [sharedprocess] [info] Scanned user extensions: 3
[2019-01-08 13:25:13.604] [sharedprocess] [info] Scanned user extensions: 3
[2019-01-08 13:30:13.627] [sharedprocess] [info] Scanned user extensions: 3
[2019-01-08 13:35:13.636] [sharedprocess] [info] Scanned user extensions: 3
[2019-01-08 13:40:13.657] [sharedprocess] [info] Scanned user extensions: 3
[2019-01-08 13:45:13.677] [sharedprocess] [info] Scanned user extensions: 3
[2019-01-08 13:50:13.694] [sharedprocess] [info] Scanned user extensions: 3
[2019-01-08 13:55:13.708] [sharedprocess] [info] Scanned user extensions: 3
[2019-01-08 14:00:13.724] [sharedprocess] [info] Scanned user extensions: 3
[2019-01-08 14:05:13.739] [sharedprocess] [info] Scanned user extensions: 3
[2019-01-08 14:10:13.824] [sharedprocess] [info] Scanned user extensions: 3
[2019-01-08 14:15:13.836] [sharedprocess] [info] Scanned user extensions: 3
[2019-01-08 14:20:13.845] [sharedprocess] [info] Scanned user extensions: 3
[2019-01-08 14:25:13.857] [sharedprocess] [info] Scanned user extensions: 3
[2019-01-08 14:30:13.871] [sharedprocess] [info] Scanned user extensions: 3
[2019-01-08 14:35:13.888] [sharedprocess] [info] Scanned user extensions: 3
[2019-01-08 14:40:13.899] [sharedprocess] [info] Scanned user extensions: 3
[2019-01-08 14:45:13.912] [sharedprocess] [info] Scanned user extensions: 3
[2019-01-08 14:50:13.924] [sharedprocess] [info] Scanned user extensions: 3
[2019-01-08 14:55:13.940] [sharedprocess] [info] Scanned user extensions: 3
[2019-01-08 15:00:13.955] [sharedprocess] [info] Scanned user extensions: 3
[2019-01-08 15:05:13.968] [sharedprocess] [info] Scanned user extensions: 3
[2019-01-08 15:10:14.057] [sharedprocess] [info] Scanned user extensions: 3
[2019-01-08 15:15:14.072] [sharedprocess] [info] Scanned user extensions: 3
[2019-01-08 15:20:14.085] [sharedprocess] [info] Scanned user extensions: 3
[2019-01-08 15:25:14.095] [sharedprocess] [info] Scanned user extensions: 3
[2019-01-08 15:30:14.104] [sharedprocess] [info] Scanned user extensions: 3
[2019-01-08 15:35:14.118] [sharedprocess] [info] Scanned user extensions: 3
[2019-01-08 15:40:14.135] [sharedprocess] [info] Scanned user extensions: 3
[2019-01-08 15:45:14.149] [sharedprocess] [info] Scanned user extensions: 3
[2019-01-08 15:50:14.160] [sharedprocess] [info] Scanned user extensions: 3
[2019-01-08 15:55:14.169] [sharedprocess] [info] Scanned user extensions: 3
[2019-01-08 16:00:14.178] [sharedprocess] [info] Scanned user extensions: 3
[2019-01-08 16:05:14.188] [sharedprocess] [info] Scanned user extensions: 3
[2019-01-08 16:10:14.260] [sharedprocess] [info] Scanned user extensions: 3
[2019-01-08 16:15:14.268] [sharedprocess] [info] Scanned user extensions: 3
[2019-01-08 16:20:14.282] [sharedprocess] [info] Scanned user extensions: 3
[2019-01-08 16:25:14.295] [sharedprocess] [info] Scanned user extensions: 3
[2019-01-08 16:30:14.305] [sharedprocess] [info] Scanned user extensions: 3
[2019-01-08 16:35:14.319] [sharedprocess] [info] Scanned user extensions: 3
[2019-01-08 16:40:14.335] [sharedprocess] [info] Scanned user extensions: 3
[2019-01-08 16:45:14.349] [sharedprocess] [info] Scanned user extensions: 3
[2019-01-08 16:50:14.362] [sharedprocess] [info] Scanned user extensions: 3
[2019-01-08 16:55:14.371] [sharedprocess] [info] Scanned user extensions: 3
[2019-01-08 17:00:14.383] [sharedprocess] [info] Scanned user extensions: 3
[2019-01-08 17:05:14.392] [sharedprocess] [info] Scanned user extensions: 3
[2019-01-08 17:10:14.475] [sharedprocess] [info] Scanned user extensions: 3
[2019-01-08 17:15:14.488] [sharedprocess] [info] Scanned user extensions: 3
[2019-01-08 17:20:14.500] [sharedprocess] [info] Scanned user extensions: 3
[2019-01-08 17:25:14.515] [sharedprocess] [info] Scanned user extensions: 3
[2019-01-08 17:30:14.529] [sharedprocess] [info] Scanned user extensions: 3
[2019-01-08 17:35:14.539] [sharedprocess] [info] Scanned user extensions: 3
[2019-01-08 17:40:14.550] [sharedprocess] [info] Scanned user extensions: 3
[2019-01-08 17:45:14.562] [sharedprocess] [info] Scanned user extensions: 3
[2019-01-09 12:42:09.668] [sharedprocess] [info] Scanned user extensions: 3
[2019-01-09 12:47:09.679] [sharedprocess] [info] Scanned user extensions: 3
[2019-01-09 12:52:09.694] [sharedprocess] [info] Scanned user extensions: 3
[2019-01-09 12:57:09.707] [sharedprocess] [info] Scanned user extensions: 3
[2019-01-09 13:02:09.725] [sharedprocess] [info] Scanned user extensions: 3
[2019-01-09 13:07:09.741] [sharedprocess] [info] Scanned user extensions: 3
[2019-01-09 13:12:09.756] [sharedprocess] [info] Scanned user extensions: 3
[2019-01-09 13:17:09.263] [sharedprocess] [info] Scanned user extensions: 3
[2019-01-09 13:22:09.273] [sharedprocess] [info] Scanned user extensions: 3
[2019-01-09 13:27:09.285] [sharedprocess] [info] Scanned user extensions: 3
[2019-01-09 13:32:09.295] [sharedprocess] [info] Scanned user extensions: 3
[2019-01-09 13:37:09.317] [sharedprocess] [info] Scanned user extensions: 3
[2019-01-09 13:42:09.398] [sharedprocess] [info] Scanned user extensions: 3
[2019-01-09 13:47:09.417] [sharedprocess] [info] Scanned user extensions: 3
[2019-01-09 13:52:09.430] [sharedprocess] [info] Scanned user extensions: 3
[2019-01-09 13:57:09.437] [sharedprocess] [info] Scanned user extensions: 3
[2019-01-09 14:02:09.452] [sharedprocess] [info] Scanned user extensions: 3
[2019-01-09 14:07:09.463] [sharedprocess] [info] Scanned user extensions: 3
[2019-01-09 14:12:09.472] [sharedprocess] [info] Scanned user extensions: 3
[2019-01-09 14:17:09.481] [sharedprocess] [info] Scanned user extensions: 3
[2019-01-09 14:22:09.490] [sharedprocess] [info] Scanned user extensions: 3
[2019-01-09 14:27:09.499] [sharedprocess] [info] Scanned user extensions: 3
[2019-01-09 14:32:09.510] [sharedprocess] [info] Scanned user extensions: 3
[2019-01-09 14:37:09.519] [sharedprocess] [info] Scanned user extensions: 3
[2019-01-09 14:42:09.593] [sharedprocess] [info] Scanned user extensions: 3
[2019-01-09 14:47:09.600] [sharedprocess] [info] Scanned user extensions: 3
[2019-01-09 14:52:09.628] [sharedprocess] [info] Scanned user extensions: 3
[2019-01-09 14:57:09.642] [sharedprocess] [info] Scanned user extensions: 3
[2019-01-09 15:02:09.655] [sharedprocess] [info] Scanned user extensions: 3
[2019-01-09 15:07:09.670] [sharedprocess] [info] Scanned user extensions: 3
[2019-01-09 15:12:09.682] [sharedprocess] [info] Scanned user extensions: 3
[2019-01-09 15:17:09.695] [sharedprocess] [info] Scanned user extensions: 3
[2019-01-09 15:22:09.705] [sharedprocess] [info] Scanned user extensions: 3
[2019-01-09 15:27:09.718] [sharedprocess] [info] Scanned user extensions: 3
[2019-01-10 09:20:45.276] [sharedprocess] [info] Scanned user extensions: 3
[2019-01-10 09:25:45.287] [sharedprocess] [info] Scanned user extensions: 3
[2019-01-10 09:30:45.296] [sharedprocess] [info] Scanned user extensions: 3
[2019-01-10 09:35:45.305] [sharedprocess] [info] Scanned user extensions: 3
[2019-01-10 09:40:45.318] [sharedprocess] [info] Scanned user extensions: 3
[2019-01-10 09:45:45.327] [sharedprocess] [info] Scanned user extensions: 3
[2019-01-10 09:50:45.336] [sharedprocess] [info] Scanned user extensions: 3
[2019-01-10 09:55:44.395] [sharedprocess] [info] Scanned user extensions: 3
[2019-01-10 10:00:44.409] [sharedprocess] [info] Scanned user extensions: 3
[2019-01-10 10:05:44.419] [sharedprocess] [info] Scanned user extensions: 3
[2019-01-10 10:10:44.432] [sharedprocess] [info] Scanned user extensions: 3
[2019-01-10 10:15:44.444] [sharedprocess] [info] Scanned user extensions: 3
[2019-01-10 10:20:44.525] [sharedprocess] [info] Scanned user extensions: 3
[2019-01-10 10:25:44.548] [sharedprocess] [info] Scanned user extensions: 3
[2019-01-10 10:30:44.564] [sharedprocess] [info] Scanned user extensions: 3
[2019-01-10 10:35:44.586] [sharedprocess] [info] Scanned user extensions: 3
[2019-01-10 10:40:44.603] [sharedprocess] [info] Scanned user extensions: 3
[2019-01-10 10:45:44.619] [sharedprocess] [info] Scanned user extensions: 3
[2019-01-10 10:50:44.631] [sharedprocess] [info] Scanned user extensions: 3
[2019-01-10 10:55:44.646] [sharedprocess] [info] Scanned user extensions: 3
[2019-01-10 11:00:44.660] [sharedprocess] [info] Scanned user extensions: 3
[2019-01-10 11:05:44.674] [sharedprocess] [info] Scanned user extensions: 3
[2019-01-10 11:10:44.687] [sharedprocess] [info] Scanned user extensions: 3
[2019-01-10 11:15:44.700] [sharedprocess] [info] Scanned user extensions: 3
[2019-01-10 11:20:44.774] [sharedprocess] [info] Scanned user extensions: 3
[2019-01-10 11:25:44.792] [sharedprocess] [info] Scanned user extensions: 3
[2019-01-10 11:30:44.805] [sharedprocess] [info] Scanned user extensions: 3
[2019-01-10 11:35:44.817] [sharedprocess] [info] Scanned user extensions: 3
[2019-01-10 11:40:44.834] [sharedprocess] [info] Scanned user extensions: 3
[2019-01-10 11:45:44.846] [sharedprocess] [info] Scanned user extensions: 3
[2019-01-10 11:50:44.858] [sharedprocess] [info] Scanned user extensions: 3
[2019-01-10 11:55:44.871] [sharedprocess] [info] Scanned user extensions: 3
[2019-01-10 12:00:44.884] [sharedprocess] [info] Scanned user extensions: 3
[2019-01-10 12:05:44.897] [sharedprocess] [info] Scanned user extensions: 3
[2019-01-10 12:49:17.030] [sharedprocess] [info] Scanned user extensions: 3
[2019-01-10 12:54:17.042] [sharedprocess] [info] Scanned user extensions: 3
[2019-01-10 12:59:17.052] [sharedprocess] [info] Scanned user extensions: 3
[2019-01-10 13:04:17.064] [sharedprocess] [info] Scanned user extensions: 3
[2019-01-10 13:09:17.071] [sharedprocess] [info] Scanned user extensions: 3
[2019-01-10 13:14:17.077] [sharedprocess] [info] Scanned user extensions: 3
[2019-01-10 13:19:17.089] [sharedprocess] [info] Scanned user extensions: 3
[2019-01-10 13:24:17.964] [sharedprocess] [info] Scanned user extensions: 3
[2019-01-10 13:29:17.977] [sharedprocess] [info] Scanned user extensions: 3
[2019-01-10 13:34:17.992] [sharedprocess] [info] Scanned user extensions: 3
[2019-01-10 13:39:18.004] [sharedprocess] [info] Scanned user extensions: 3
[2019-01-10 13:44:18.025] [sharedprocess] [info] Scanned user extensions: 3
[2019-01-10 13:49:18.095] [sharedprocess] [info] Scanned user extensions: 3
[2019-01-10 13:54:18.105] [sharedprocess] [info] Scanned user extensions: 3
[2019-01-10 13:59:18.115] [sharedprocess] [info] Scanned user extensions: 3
[2019-01-10 14:04:18.128] [sharedprocess] [info] Scanned user extensions: 3
[2019-01-10 14:09:18.142] [sharedprocess] [info] Scanned user extensions: 3
[2019-01-10 14:14:18.152] [sharedprocess] [info] Scanned user extensions: 3
[2019-01-10 14:19:18.166] [sharedprocess] [info] Scanned user extensions: 3
[2019-01-10 14:24:18.182] [sharedprocess] [info] Scanned user extensions: 3
[2019-01-10 14:29:18.191] [sharedprocess] [info] Scanned user extensions: 3
[2019-01-10 14:34:18.200] [sharedprocess] [info] Scanned user extensions: 3
[2019-01-10 14:39:18.211] [sharedprocess] [info] Scanned user extensions: 3
[2019-01-10 14:44:18.222] [sharedprocess] [info] Scanned user extensions: 3
[2019-01-10 14:49:18.305] [sharedprocess] [info] Scanned user extensions: 3
[2019-01-10 14:54:18.319] [sharedprocess] [info] Scanned user extensions: 3
[2019-01-10 14:59:18.334] [sharedprocess] [info] Scanned user extensions: 3
[2019-01-10 15:04:18.343] [sharedprocess] [info] Scanned user extensions: 3
[2019-01-10 15:09:18.354] [sharedprocess] [info] Scanned user extensions: 3
[2019-01-10 15:14:18.369] [sharedprocess] [info] Scanned user extensions: 3
[2019-01-10 15:19:18.384] [sharedprocess] [info] Scanned user extensions: 3
[2019-01-10 15:24:18.392] [sharedprocess] [info] Scanned user extensions: 3
[2019-01-10 15:29:18.400] [sharedprocess] [info] Scanned user extensions: 3
[2019-01-10 15:34:18.415] [sharedprocess] [info] Scanned user extensions: 3
[2019-01-10 15:39:18.424] [sharedprocess] [info] Scanned user extensions: 3
[2019-01-10 15:44:18.440] [sharedprocess] [info] Scanned user extensions: 3
[2019-01-10 15:49:18.523] [sharedprocess] [info] Scanned user extensions: 3
[2019-01-10 15:54:18.552] [sharedprocess] [info] Scanned user extensions: 3
[2019-01-10 15:59:18.574] [sharedprocess] [info] Scanned user extensions: 3
[2019-01-10 16:04:18.583] [sharedprocess] [info] Scanned user extensions: 3
[2019-01-10 16:09:18.592] [sharedprocess] [info] Scanned user extensions: 3
[2019-01-10 16:14:18.603] [sharedprocess] [info] Scanned user extensions: 3
[2019-01-10 16:19:18.614] [sharedprocess] [info] Scanned user extensions: 3
[2019-01-10 16:24:18.624] [sharedprocess] [info] Scanned user extensions: 3
[2019-01-10 16:29:18.636] [sharedprocess] [info] Scanned user extensions: 3
[2019-01-10 16:34:18.650] [sharedprocess] [info] Scanned user extensions: 3
[2019-01-10 16:39:18.661] [sharedprocess] [info] Scanned user extensions: 3
[2019-01-10 16:44:18.670] [sharedprocess] [info] Scanned user extensions: 3
[2019-01-10 16:49:18.749] [sharedprocess] [info] Scanned user extensions: 3
[2019-01-10 16:54:18.760] [sharedprocess] [info] Scanned user extensions: 3
[2019-01-10 16:59:18.770] [sharedprocess] [info] Scanned user extensions: 3
[2019-01-10 17:04:18.778] [sharedprocess] [info] Scanned user extensions: 3
[2019-01-10 17:09:18.791] [sharedprocess] [info] Scanned user extensions: 3
[2019-01-10 17:14:18.800] [sharedprocess] [info] Scanned user extensions: 3
[2019-01-15 09:35:14.165] [sharedprocess] [info] Scanned user extensions: 3
[2019-01-15 09:40:14.175] [sharedprocess] [info] Scanned user extensions: 3
[2019-01-15 09:45:14.181] [sharedprocess] [info] Scanned user extensions: 3
[2019-01-15 09:50:14.190] [sharedprocess] [info] Scanned user extensions: 3
[2019-01-15 09:55:14.199] [sharedprocess] [info] Scanned user extensions: 3
[2019-01-15 10:00:14.210] [sharedprocess] [info] Scanned user extensions: 3
[2019-01-15 10:05:33.958] [sharedprocess] [info] Scanned user extensions: 3
[2019-01-15 10:10:28.280] [sharedprocess] [info] Scanned user extensions: 3
[2019-01-15 10:15:28.289] [sharedprocess] [info] Scanned user extensions: 3
[2019-01-15 10:20:28.297] [sharedprocess] [info] Scanned user extensions: 3
[2019-01-15 10:25:28.306] [sharedprocess] [info] Scanned user extensions: 3
[2019-01-15 10:30:28.322] [sharedprocess] [info] Scanned user extensions: 3
[2019-01-15 10:35:28.392] [sharedprocess] [info] Scanned user extensions: 3
[2019-01-15 10:40:28.401] [sharedprocess] [info] Scanned user extensions: 3
[2019-01-15 10:45:28.410] [sharedprocess] [info] Scanned user extensions: 3
[2019-01-15 10:50:28.421] [sharedprocess] [info] Scanned user extensions: 3
[2019-01-15 10:55:28.431] [sharedprocess] [info] Scanned user extensions: 3
[2019-01-15 11:00:28.443] [sharedprocess] [info] Scanned user extensions: 3
[2019-01-15 11:05:28.452] [sharedprocess] [info] Scanned user extensions: 3
[2019-01-15 11:10:28.474] [sharedprocess] [info] Scanned user extensions: 3
[2019-01-15 11:15:28.490] [sharedprocess] [info] Scanned user extensions: 3
[2019-01-15 11:20:28.500] [sharedprocess] [info] Scanned user extensions: 3
[2019-01-15 11:25:28.509] [sharedprocess] [info] Scanned user extensions: 3
[2019-01-15 11:30:28.521] [sharedprocess] [info] Scanned user extensions: 3
[2019-01-15 11:35:28.595] [sharedprocess] [info] Scanned user extensions: 3
[2019-01-15 11:40:28.605] [sharedprocess] [info] Scanned user extensions: 3
[2019-01-15 11:45:28.618] [sharedprocess] [info] Scanned user extensions: 3
[2019-01-15 11:50:28.631] [sharedprocess] [info] Scanned user extensions: 3
[2019-01-15 11:55:28.643] [sharedprocess] [info] Scanned user extensions: 3
[2019-01-15 12:00:28.653] [sharedprocess] [info] Scanned user extensions: 3
[2019-01-15 12:05:28.663] [sharedprocess] [info] Scanned user extensions: 3
[2019-01-15 12:10:28.671] [sharedprocess] [info] Scanned user extensions: 3
[2019-01-15 12:15:28.681] [sharedprocess] [info] Scanned user extensions: 3
[2019-01-15 12:20:28.690] [sharedprocess] [info] Scanned user extensions: 3
[2019-01-15 12:25:28.699] [sharedprocess] [info] Scanned user extensions: 3
[2019-01-15 12:30:28.709] [sharedprocess] [info] Scanned user extensions: 3
[2019-01-15 12:35:28.798] [sharedprocess] [info] Scanned user extensions: 3
[2019-01-15 12:40:28.812] [sharedprocess] [info] Scanned user extensions: 3
[2019-01-15 12:45:28.821] [sharedprocess] [info] Scanned user extensions: 3
[2019-01-15 12:50:28.829] [sharedprocess] [info] Scanned user extensions: 3
[2019-01-15 12:55:28.841] [sharedprocess] [info] Scanned user extensions: 3
[2019-01-15 13:00:28.850] [sharedprocess] [info] Scanned user extensions: 3
[2019-01-15 13:05:28.910] [sharedprocess] [info] Scanned user extensions: 3
[2019-01-15 13:10:28.940] [sharedprocess] [info] Scanned user extensions: 3
[2019-01-15 13:15:28.952] [sharedprocess] [info] Scanned user extensions: 3
[2019-01-15 13:20:28.968] [sharedprocess] [info] Scanned user extensions: 3
[2019-01-15 13:25:28.982] [sharedprocess] [info] Scanned user extensions: 3
[2019-01-15 13:30:28.991] [sharedprocess] [info] Scanned user extensions: 3
[2019-01-15 14:50:34.651] [sharedprocess] [info] Scanned user extensions: 3
[2019-01-15 14:55:34.660] [sharedprocess] [info] Scanned user extensions: 3
[2019-01-15 15:00:34.670] [sharedprocess] [info] Scanned user extensions: 3
[2019-01-15 15:05:34.678] [sharedprocess] [info] Scanned user extensions: 3
[2019-01-15 15:10:34.685] [sharedprocess] [info] Scanned user extensions: 3
[2019-01-15 15:15:34.693] [sharedprocess] [info] Scanned user extensions: 3
[2019-01-15 15:20:34.703] [sharedprocess] [info] Scanned user extensions: 3
[2019-01-15 15:25:34.712] [sharedprocess] [info] Scanned user extensions: 3
[2019-01-15 15:30:34.721] [sharedprocess] [info] Scanned user extensions: 3
[2019-01-15 15:35:34.730] [sharedprocess] [info] Scanned user extensions: 3
[2019-01-15 15:40:34.744] [sharedprocess] [info] Scanned user extensions: 3
[2019-01-15 15:45:34.754] [sharedprocess] [info] Scanned user extensions: 3
[2019-01-15 15:50:34.832] [sharedprocess] [info] Scanned user extensions: 3
[2019-01-15 15:55:34.840] [sharedprocess] [info] Scanned user extensions: 3
[2019-01-15 16:00:34.851] [sharedprocess] [info] Scanned user extensions: 3
[2019-01-15 16:05:34.873] [sharedprocess] [info] Scanned user extensions: 3
[2019-01-15 16:10:34.887] [sharedprocess] [info] Scanned user extensions: 3
[2019-01-15 16:15:34.897] [sharedprocess] [info] Scanned user extensions: 3
[2019-01-15 16:20:34.905] [sharedprocess] [info] Scanned user extensions: 3
[2019-01-15 16:25:34.917] [sharedprocess] [info] Scanned user extensions: 3
[2019-01-15 16:30:34.928] [sharedprocess] [info] Scanned user extensions: 3
[2019-01-15 16:35:34.935] [sharedprocess] [info] Scanned user extensions: 3
[2019-01-15 16:40:34.945] [sharedprocess] [info] Scanned user extensions: 3
[2019-01-15 16:45:34.957] [sharedprocess] [info] Scanned user extensions: 3
[2019-01-15 16:50:35.029] [sharedprocess] [info] Scanned user extensions: 3
[2019-01-15 16:55:35.040] [sharedprocess] [info] Scanned user extensions: 3
[2019-01-15 17:00:35.049] [sharedprocess] [info] Scanned user extensions: 3
[2019-01-16 09:21:00.207] [sharedprocess] [info] Scanned user extensions: 3
[2019-01-16 09:26:00.215] [sharedprocess] [info] Scanned user extensions: 3
[2019-01-16 09:31:00.224] [sharedprocess] [info] Scanned user extensions: 3
[2019-01-16 09:36:00.235] [sharedprocess] [info] Scanned user extensions: 3
[2019-01-16 09:41:00.244] [sharedprocess] [info] Scanned user extensions: 3
[2019-01-16 09:46:00.253] [sharedprocess] [info] Scanned user extensions: 3
[2019-01-16 09:51:00.263] [sharedprocess] [info] Scanned user extensions: 3
[2019-01-16 09:56:00.279] [sharedprocess] [info] Scanned user extensions: 3
[2019-01-16 10:01:00.293] [sharedprocess] [info] Scanned user extensions: 3
[2019-01-16 10:06:00.304] [sharedprocess] [info] Scanned user extensions: 3
[2019-01-16 10:11:00.313] [sharedprocess] [info] Scanned user extensions: 3
[2019-01-16 10:16:00.322] [sharedprocess] [info] Scanned user extensions: 3
[2019-01-16 10:21:00.396] [sharedprocess] [info] Scanned user extensions: 3
[2019-01-16 10:26:00.406] [sharedprocess] [info] Scanned user extensions: 3
[2019-01-16 10:31:00.414] [sharedprocess] [info] Scanned user extensions: 3
[2019-01-16 10:36:00.422] [sharedprocess] [info] Scanned user extensions: 3
[2019-01-16 10:41:00.431] [sharedprocess] [info] Scanned user extensions: 3
[2019-01-16 10:46:00.441] [sharedprocess] [info] Scanned user extensions: 3
[2019-01-16 10:51:00.450] [sharedprocess] [info] Scanned user extensions: 3
[2019-01-16 10:56:00.460] [sharedprocess] [info] Scanned user extensions: 3
[2019-01-16 11:01:00.477] [sharedprocess] [info] Scanned user extensions: 3
[2019-01-16 11:06:00.487] [sharedprocess] [info] Scanned user extensions: 3
[2019-01-16 11:11:00.496] [sharedprocess] [info] Scanned user extensions: 3
[2019-01-16 11:16:00.510] [sharedprocess] [info] Scanned user extensions: 3
[2019-01-16 11:21:00.585] [sharedprocess] [info] Scanned user extensions: 3
[2019-01-16 11:26:00.593] [sharedprocess] [info] Scanned user extensions: 3
[2019-01-16 11:31:00.608] [sharedprocess] [info] Scanned user extensions: 3
[2019-01-16 11:36:00.615] [sharedprocess] [info] Scanned user extensions: 3
[2019-01-16 11:41:00.623] [sharedprocess] [info] Scanned user extensions: 3
[2019-01-16 11:46:00.635] [sharedprocess] [info] Scanned user extensions: 3
[2019-01-16 11:51:00.643] [sharedprocess] [info] Scanned user extensions: 3
[2019-01-16 11:56:00.649] [sharedprocess] [info] Scanned user extensions: 3
[2019-01-16 12:01:00.654] [sharedprocess] [info] Scanned user extensions: 3
[2019-01-16 12:06:00.660] [sharedprocess] [info] Scanned user extensions: 3
[2019-01-16 12:11:00.672] [sharedprocess] [info] Scanned user extensions: 3
[2019-01-16 12:16:00.678] [sharedprocess] [info] Scanned user extensions: 3
[2019-01-16 12:21:00.761] [sharedprocess] [info] Scanned user extensions: 3
[2019-01-16 12:26:00.773] [sharedprocess] [info] Scanned user extensions: 3
[2019-01-16 12:31:00.787] [sharedprocess] [info] Scanned user extensions: 3
[2019-01-16 12:36:00.800] [sharedprocess] [info] Scanned user extensions: 3
[2019-01-16 13:28:51.833] [sharedprocess] [info] Scanned user extensions: 3
[2019-01-16 13:33:51.846] [sharedprocess] [info] Scanned user extensions: 3
[2019-01-16 13:38:51.859] [sharedprocess] [info] Scanned user extensions: 3
[2019-01-16 13:43:51.871] [sharedprocess] [info] Scanned user extensions: 3
[2019-01-16 13:48:51.884] [sharedprocess] [info] Scanned user extensions: 3
[2019-01-16 13:53:51.896] [sharedprocess] [info] Scanned user extensions: 3
[2019-01-16 13:58:51.908] [sharedprocess] [info] Scanned user extensions: 3
[2019-01-16 14:03:52.732] [sharedprocess] [info] Scanned user extensions: 3
[2019-01-16 14:08:52.745] [sharedprocess] [info] Scanned user extensions: 3
[2019-01-16 14:13:52.758] [sharedprocess] [info] Scanned user extensions: 3
[2019-01-16 14:18:52.768] [sharedprocess] [info] Scanned user extensions: 3
[2019-01-16 14:23:52.780] [sharedprocess] [info] Scanned user extensions: 3
[2019-01-16 14:28:52.870] [sharedprocess] [info] Scanned user extensions: 3
[2019-01-16 14:33:52.882] [sharedprocess] [info] Scanned user extensions: 3
[2019-01-16 14:38:52.894] [sharedprocess] [info] Scanned user extensions: 3
[2019-01-16 14:43:52.907] [sharedprocess] [info] Scanned user extensions: 3
[2019-01-16 14:48:52.923] [sharedprocess] [info] Scanned user extensions: 3
[2019-01-16 14:53:52.941] [sharedprocess] [info] Scanned user extensions: 3
[2019-01-16 14:58:52.961] [sharedprocess] [info] Scanned user extensions: 3
[2019-01-16 15:03:52.973] [sharedprocess] [info] Scanned user extensions: 3
[2019-01-16 15:08:53.744] [sharedprocess] [info] Scanned user extensions: 3
[2019-01-16 15:13:53.806] [sharedprocess] [info] Scanned user extensions: 3
[2019-01-16 15:18:53.818] [sharedprocess] [info] Scanned user extensions: 3
[2019-01-16 15:23:53.835] [sharedprocess] [info] Scanned user extensions: 3
[2019-01-16 15:28:53.914] [sharedprocess] [info] Scanned user extensions: 3
[2019-01-16 15:33:53.926] [sharedprocess] [info] Scanned user extensions: 3
[2019-01-16 15:38:53.937] [sharedprocess] [info] Scanned user extensions: 3
[2019-01-16 15:43:53.951] [sharedprocess] [info] Scanned user extensions: 3
[2019-01-16 15:48:53.963] [sharedprocess] [info] Scanned user extensions: 3
[2019-01-16 15:53:53.977] [sharedprocess] [info] Scanned user extensions: 3
[2019-01-16 15:58:53.988] [sharedprocess] [info] Scanned user extensions: 3
[2019-01-16 16:03:53.999] [sharedprocess] [info] Scanned user extensions: 3
[2019-01-16 16:08:54.013] [sharedprocess] [info] Scanned user extensions: 3
[2019-01-16 16:13:54.025] [sharedprocess] [info] Scanned user extensions: 3
[2019-01-16 16:18:54.037] [sharedprocess] [info] Scanned user extensions: 3
[2019-01-16 16:23:54.049] [sharedprocess] [info] Scanned user extensions: 3
[2019-01-16 16:28:54.126] [sharedprocess] [info] Scanned user extensions: 3
[2019-01-16 16:33:54.138] [sharedprocess] [info] Scanned user extensions: 3
[2019-01-16 16:38:54.147] [sharedprocess] [info] Scanned user extensions: 3
[2019-01-16 16:43:54.160] [sharedprocess] [info] Scanned user extensions: 3
[2019-01-16 16:48:54.169] [sharedprocess] [info] Scanned user extensions: 3
[2019-01-16 16:53:54.183] [sharedprocess] [info] Scanned user extensions: 3
[2019-01-16 16:58:54.193] [sharedprocess] [info] Scanned user extensions: 3
[2019-01-16 17:03:54.209] [sharedprocess] [info] Scanned user extensions: 3
[2019-01-16 17:08:54.217] [sharedprocess] [info] Scanned user extensions: 3
[2019-01-16 17:13:54.249] [sharedprocess] [info] Scanned user extensions: 3
[2019-01-17 09:33:35.941] [sharedprocess] [info] Scanned user extensions: 3
[2019-01-17 09:38:35.949] [sharedprocess] [info] Scanned user extensions: 3
[2019-01-17 09:43:35.961] [sharedprocess] [info] Scanned user extensions: 3
[2019-01-17 09:48:35.971] [sharedprocess] [info] Scanned user extensions: 3
[2019-01-17 09:53:35.980] [sharedprocess] [info] Scanned user extensions: 3
[2019-01-17 09:58:35.992] [sharedprocess] [info] Scanned user extensions: 3
[2019-01-17 10:58:59.664] [sharedprocess] [info] Scanned user extensions: 3
[2019-01-17 11:03:59.673] [sharedprocess] [info] Scanned user extensions: 3
[2019-01-17 11:08:59.683] [sharedprocess] [info] Scanned user extensions: 3
[2019-01-17 11:13:59.692] [sharedprocess] [info] Scanned user extensions: 3
[2019-01-17 11:18:59.698] [sharedprocess] [info] Scanned user extensions: 3
[2019-01-17 11:23:59.709] [sharedprocess] [info] Scanned user extensions: 3
[2019-01-17 11:28:59.723] [sharedprocess] [info] Scanned user extensions: 3
[2019-01-17 11:33:59.297] [sharedprocess] [info] Scanned user extensions: 3
[2019-01-17 11:38:59.310] [sharedprocess] [info] Scanned user extensions: 3
[2019-01-17 11:43:59.321] [sharedprocess] [info] Scanned user extensions: 3
[2019-01-17 12:30:23.252] [sharedprocess] [info] Scanned user extensions: 3
[2019-01-17 12:35:23.263] [sharedprocess] [info] Scanned user extensions: 3
[2019-01-17 12:40:23.270] [sharedprocess] [info] Scanned user extensions: 3
[2019-01-17 12:45:23.279] [sharedprocess] [info] Scanned user extensions: 3
[2019-01-17 12:50:23.292] [sharedprocess] [info] Scanned user extensions: 3
[2019-01-17 12:55:23.305] [sharedprocess] [info] Scanned user extensions: 3
[2019-01-17 13:00:23.318] [sharedprocess] [info] Scanned user extensions: 3
[2019-01-17 13:05:23.330] [sharedprocess] [info] Scanned user extensions: 3
[2019-01-17 13:10:23.340] [sharedprocess] [info] Scanned user extensions: 3
[2019-01-17 13:15:23.350] [sharedprocess] [info] Scanned user extensions: 3
[2019-01-17 13:20:23.391] [sharedprocess] [info] Scanned user extensions: 3
[2019-01-17 13:25:23.402] [sharedprocess] [info] Scanned user extensions: 3
[2019-01-17 13:30:23.480] [sharedprocess] [info] Scanned user extensions: 3
[2019-01-17 13:35:23.493] [sharedprocess] [info] Scanned user extensions: 3
[2019-01-17 13:40:23.504] [sharedprocess] [info] Scanned user extensions: 3
[2019-01-17 13:45:23.515] [sharedprocess] [info] Scanned user extensions: 3
[2019-01-17 13:50:23.529] [sharedprocess] [info] Scanned user extensions: 3
[2019-01-17 13:55:23.541] [sharedprocess] [info] Scanned user extensions: 3
[2019-01-17 14:00:23.556] [sharedprocess] [info] Scanned user extensions: 3
[2019-01-17 14:05:23.571] [sharedprocess] [info] Scanned user extensions: 3
[2019-01-17 14:10:23.581] [sharedprocess] [info] Scanned user extensions: 3
[2019-01-17 14:15:23.591] [sharedprocess] [info] Scanned user extensions: 3
[2019-01-17 14:20:23.603] [sharedprocess] [info] Scanned user extensions: 3
[2019-01-17 14:25:23.613] [sharedprocess] [info] Scanned user extensions: 3
[2019-01-17 14:30:23.694] [sharedprocess] [info] Scanned user extensions: 3
[2019-01-17 14:35:23.706] [sharedprocess] [info] Scanned user extensions: 3
[2019-01-17 14:40:23.719] [sharedprocess] [info] Scanned user extensions: 3
[2019-01-17 14:45:23.733] [sharedprocess] [info] Scanned user extensions: 3
[2019-01-17 14:50:23.744] [sharedprocess] [info] Scanned user extensions: 3
[2019-01-17 14:55:23.757] [sharedprocess] [info] Scanned user extensions: 3
[2019-01-17 15:00:23.771] [sharedprocess] [info] Scanned user extensions: 3
[2019-01-17 15:05:23.781] [sharedprocess] [info] Scanned user extensions: 3
[2019-01-17 15:10:23.790] [sharedprocess] [info] Scanned user extensions: 3
[2019-01-17 15:15:23.804] [sharedprocess] [info] Scanned user extensions: 3
[2019-01-17 15:20:23.816] [sharedprocess] [info] Scanned user extensions: 3
[2019-01-17 15:25:23.830] [sharedprocess] [info] Scanned user extensions: 3
[2019-01-17 15:30:23.905] [sharedprocess] [info] Scanned user extensions: 3
[2019-01-17 15:35:23.911] [sharedprocess] [info] Scanned user extensions: 3
[2019-01-17 15:40:23.923] [sharedprocess] [info] Scanned user extensions: 3
[2019-01-17 15:45:23.933] [sharedprocess] [info] Scanned user extensions: 3
[2019-01-17 15:50:23.944] [sharedprocess] [info] Scanned user extensions: 3
[2019-01-17 15:55:23.965] [sharedprocess] [info] Scanned user extensions: 3
[2019-01-17 16:00:23.975] [sharedprocess] [info] Scanned user extensions: 3
[2019-01-17 16:05:23.982] [sharedprocess] [info] Scanned user extensions: 3
[2019-01-17 16:10:23.995] [sharedprocess] [info] Scanned user extensions: 3
[2019-01-17 16:15:24.005] [sharedprocess] [info] Scanned user extensions: 3
[2019-01-17 16:20:24.013] [sharedprocess] [info] Scanned user extensions: 3
[2019-01-17 16:25:24.025] [sharedprocess] [info] Scanned user extensions: 3
[2019-01-17 16:30:24.104] [sharedprocess] [info] Scanned user extensions: 3
[2019-01-17 16:35:24.113] [sharedprocess] [info] Scanned user extensions: 3
[2019-01-17 16:40:24.125] [sharedprocess] [info] Scanned user extensions: 3
[2019-01-17 16:45:24.137] [sharedprocess] [info] Scanned user extensions: 3
[2019-01-17 16:50:24.146] [sharedprocess] [info] Scanned user extensions: 3
[2019-01-17 16:55:24.154] [sharedprocess] [info] Scanned user extensions: 3
[2019-01-17 17:00:24.162] [sharedprocess] [info] Scanned user extensions: 3
[2019-01-22 09:28:11.857] [sharedprocess] [info] Scanned user extensions: 3
[2019-01-22 09:33:11.868] [sharedprocess] [info] Scanned user extensions: 3
[2019-01-22 09:38:11.878] [sharedprocess] [info] Scanned user extensions: 3
[2019-01-22 09:43:11.888] [sharedprocess] [info] Scanned user extensions: 3
[2019-01-22 09:48:11.897] [sharedprocess] [info] Scanned user extensions: 3
[2019-01-22 09:53:11.906] [sharedprocess] [info] Scanned user extensions: 3
[2019-01-22 09:58:11.915] [sharedprocess] [info] Scanned user extensions: 3
[2019-01-22 10:03:05.938] [sharedprocess] [info] Scanned user extensions: 3
[2019-01-22 10:08:05.946] [sharedprocess] [info] Scanned user extensions: 3
[2019-01-22 10:13:05.960] [sharedprocess] [info] Scanned user extensions: 3
[2019-01-22 10:18:05.976] [sharedprocess] [info] Scanned user extensions: 3
[2019-01-22 10:23:05.990] [sharedprocess] [info] Scanned user extensions: 3
[2019-01-22 10:28:06.073] [sharedprocess] [info] Scanned user extensions: 3
[2019-01-22 10:33:06.085] [sharedprocess] [info] Scanned user extensions: 3
[2019-01-22 10:38:06.098] [sharedprocess] [info] Scanned user extensions: 3
[2019-01-22 10:43:06.107] [sharedprocess] [info] Scanned user extensions: 3
[2019-01-22 10:48:06.120] [sharedprocess] [info] Scanned user extensions: 3
[2019-01-22 10:53:06.133] [sharedprocess] [info] Scanned user extensions: 3
[2019-01-22 10:58:06.146] [sharedprocess] [info] Scanned user extensions: 3
[2019-01-22 11:03:06.159] [sharedprocess] [info] Scanned user extensions: 3
[2019-01-22 11:08:06.173] [sharedprocess] [info] Scanned user extensions: 3
[2019-01-22 11:13:06.186] [sharedprocess] [info] Scanned user extensions: 3
[2019-01-22 11:18:06.197] [sharedprocess] [info] Scanned user extensions: 3
[2019-01-22 11:23:06.207] [sharedprocess] [info] Scanned user extensions: 3
[2019-01-22 11:28:06.287] [sharedprocess] [info] Scanned user extensions: 3
[2019-01-22 11:33:06.300] [sharedprocess] [info] Scanned user extensions: 3
[2019-01-22 11:38:06.314] [sharedprocess] [info] Scanned user extensions: 3
[2019-01-22 11:43:06.327] [sharedprocess] [info] Scanned user extensions: 3
[2019-01-22 11:48:06.340] [sharedprocess] [info] Scanned user extensions: 3
[2019-01-22 11:53:06.351] [sharedprocess] [info] Scanned user extensions: 3
[2019-01-22 11:58:06.366] [sharedprocess] [info] Scanned user extensions: 3
[2019-01-22 12:03:06.378] [sharedprocess] [info] Scanned user extensions: 3
[2019-01-22 12:08:06.390] [sharedprocess] [info] Scanned user extensions: 3
[2019-01-22 12:13:06.403] [sharedprocess] [info] Scanned user extensions: 3
[2019-01-22 12:18:06.415] [sharedprocess] [info] Scanned user extensions: 3
[2019-01-22 12:23:06.426] [sharedprocess] [info] Scanned user extensions: 3
[2019-01-22 12:28:06.507] [sharedprocess] [info] Scanned user extensions: 3
[2019-01-22 12:33:06.518] [sharedprocess] [info] Scanned user extensions: 3
[2019-01-22 12:38:06.531] [sharedprocess] [info] Scanned user extensions: 3
[2019-01-22 12:43:06.545] [sharedprocess] [info] Scanned user extensions: 3
[2019-01-22 12:48:06.556] [sharedprocess] [info] Scanned user extensions: 3
[2019-01-22 12:53:06.568] [sharedprocess] [info] Scanned user extensions: 3
[2019-01-22 12:58:06.580] [sharedprocess] [info] Scanned user extensions: 3
[2019-01-22 13:03:06.592] [sharedprocess] [info] Scanned user extensions: 3
[2019-01-22 13:08:06.604] [sharedprocess] [info] Scanned user extensions: 3
[2019-01-22 13:13:06.616] [sharedprocess] [info] Scanned user extensions: 3
[2019-01-22 13:18:06.625] [sharedprocess] [info] Scanned user extensions: 3
[2019-01-22 13:23:06.636] [sharedprocess] [info] Scanned user extensions: 3
[2019-01-22 13:28:06.718] [sharedprocess] [info] Scanned user extensions: 3
[2019-01-22 13:33:06.727] [sharedprocess] [info] Scanned user extensions: 3
[2019-01-22 13:38:06.740] [sharedprocess] [info] Scanned user extensions: 3
[2019-01-22 13:43:06.756] [sharedprocess] [info] Scanned user extensions: 3
[2019-01-22 13:48:06.769] [sharedprocess] [info] Scanned user extensions: 3
[2019-01-22 13:53:06.779] [sharedprocess] [info] Scanned user extensions: 3
[2019-01-22 13:58:06.791] [sharedprocess] [info] Scanned user extensions: 3
[2019-01-22 14:03:06.800] [sharedprocess] [info] Scanned user extensions: 3
[2019-01-22 14:08:06.812] [sharedprocess] [info] Scanned user extensions: 3
[2019-01-22 14:13:06.827] [sharedprocess] [info] Scanned user extensions: 3
[2019-01-22 14:18:06.839] [sharedprocess] [info] Scanned user extensions: 3
[2019-01-22 14:23:06.857] [sharedprocess] [info] Scanned user extensions: 3
[2019-01-22 14:28:06.936] [sharedprocess] [info] Scanned user extensions: 3
[2019-01-22 14:33:06.947] [sharedprocess] [info] Scanned user extensions: 3
[2019-01-22 14:38:06.955] [sharedprocess] [info] Scanned user extensions: 3
[2019-01-22 14:43:06.967] [sharedprocess] [info] Scanned user extensions: 3
[2019-01-22 14:48:06.984] [sharedprocess] [info] Scanned user extensions: 3
[2019-01-22 14:53:06.997] [sharedprocess] [info] Scanned user extensions: 3
[2019-01-22 15:28:16.752] [sharedprocess] [info] Scanned user extensions: 3
[2019-01-22 15:33:16.767] [sharedprocess] [info] Scanned user extensions: 3
[2019-01-22 15:38:16.774] [sharedprocess] [info] Scanned user extensions: 3
[2019-01-22 15:43:16.784] [sharedprocess] [info] Scanned user extensions: 3
[2019-01-22 15:48:16.797] [sharedprocess] [info] Scanned user extensions: 3
[2019-01-22 15:53:16.808] [sharedprocess] [info] Scanned user extensions: 3
[2019-01-22 15:58:16.821] [sharedprocess] [info] Scanned user extensions: 3
[2019-01-22 16:03:17.703] [sharedprocess] [info] Scanned user extensions: 3
[2019-01-22 16:08:17.720] [sharedprocess] [info] Scanned user extensions: 3
[2019-01-22 16:13:17.732] [sharedprocess] [info] Scanned user extensions: 3
[2019-01-22 16:18:17.742] [sharedprocess] [info] Scanned user extensions: 3
[2019-01-22 16:23:17.751] [sharedprocess] [info] Scanned user extensions: 3
[2019-01-22 16:28:17.834] [sharedprocess] [info] Scanned user extensions: 3
[2019-01-22 16:33:17.844] [sharedprocess] [info] Scanned user extensions: 3
[2019-01-22 16:38:17.853] [sharedprocess] [info] Scanned user extensions: 3
[2019-01-22 16:43:17.865] [sharedprocess] [info] Scanned user extensions: 3
[2019-01-23 09:29:03.175] [sharedprocess] [info] Scanned user extensions: 3
[2019-01-23 09:34:03.185] [sharedprocess] [info] Scanned user extensions: 3
[2019-01-23 09:39:03.199] [sharedprocess] [info] Scanned user extensions: 3
[2019-01-23 09:44:03.215] [sharedprocess] [info] Scanned user extensions: 3
[2019-01-23 09:49:03.225] [sharedprocess] [info] Scanned user extensions: 3
[2019-01-23 09:54:03.239] [sharedprocess] [info] Scanned user extensions: 3
[2019-01-23 09:59:03.252] [sharedprocess] [info] Scanned user extensions: 3
[2019-01-23 10:04:02.369] [sharedprocess] [info] Scanned user extensions: 3
[2019-01-23 10:09:02.383] [sharedprocess] [info] Scanned user extensions: 3
[2019-01-23 10:14:02.401] [sharedprocess] [info] Scanned user extensions: 3
[2019-01-23 10:19:02.414] [sharedprocess] [info] Scanned user extensions: 3
[2019-01-23 10:24:02.423] [sharedprocess] [info] Scanned user extensions: 3
[2019-01-23 12:50:21.714] [sharedprocess] [info] Scanned user extensions: 3
[2019-01-23 12:55:21.731] [sharedprocess] [info] Scanned user extensions: 3
[2019-01-23 13:00:21.744] [sharedprocess] [info] Scanned user extensions: 3
[2019-01-23 13:05:22.505] [sharedprocess] [info] Scanned user extensions: 3
[2019-01-23 13:10:22.521] [sharedprocess] [info] Scanned user extensions: 3
[2019-01-23 13:15:22.539] [sharedprocess] [info] Scanned user extensions: 3
[2019-01-23 13:20:22.555] [sharedprocess] [info] Scanned user extensions: 3
[2019-01-23 13:25:22.569] [sharedprocess] [info] Scanned user extensions: 3
[2019-01-23 13:30:22.582] [sharedprocess] [info] Scanned user extensions: 3
[2019-01-23 13:35:22.596] [sharedprocess] [info] Scanned user extensions: 3
[2019-01-23 13:40:22.608] [sharedprocess] [info] Scanned user extensions: 3
[2019-01-23 13:45:22.620] [sharedprocess] [info] Scanned user extensions: 3
[2019-01-23 13:50:22.693] [sharedprocess] [info] Scanned user extensions: 3
[2019-01-23 13:55:22.705] [sharedprocess] [info] Scanned user extensions: 3
[2019-01-23 14:00:22.718] [sharedprocess] [info] Scanned user extensions: 3
[2019-01-23 14:05:22.732] [sharedprocess] [info] Scanned user extensions: 3
[2019-01-23 14:10:22.750] [sharedprocess] [info] Scanned user extensions: 3
[2019-01-23 14:15:22.763] [sharedprocess] [info] Scanned user extensions: 3
[2019-01-23 14:20:22.776] [sharedprocess] [info] Scanned user extensions: 3
[2019-01-23 14:25:22.786] [sharedprocess] [info] Scanned user extensions: 3
[2019-01-23 14:30:22.795] [sharedprocess] [info] Scanned user extensions: 3
[2019-01-23 14:35:22.807] [sharedprocess] [info] Scanned user extensions: 3
[2019-01-23 14:40:22.818] [sharedprocess] [info] Scanned user extensions: 3
[2019-01-23 14:45:22.831] [sharedprocess] [info] Scanned user extensions: 3
[2019-01-23 14:50:22.911] [sharedprocess] [info] Scanned user extensions: 3
[2019-01-23 14:55:22.925] [sharedprocess] [info] Scanned user extensions: 3
[2019-01-23 15:00:22.937] [sharedprocess] [info] Scanned user extensions: 3
[2019-01-23 15:05:22.950] [sharedprocess] [info] Scanned user extensions: 3
[2019-01-23 15:10:22.960] [sharedprocess] [info] Scanned user extensions: 3
[2019-01-23 15:15:22.974] [sharedprocess] [info] Scanned user extensions: 3
[2019-01-23 15:20:22.980] [sharedprocess] [info] Scanned user extensions: 3
[2019-01-23 15:25:22.990] [sharedprocess] [info] Scanned user extensions: 3
[2019-01-23 15:30:23.000] [sharedprocess] [info] Scanned user extensions: 3
[2019-01-23 15:35:23.015] [sharedprocess] [info] Scanned user extensions: 3
[2019-01-23 15:40:23.028] [sharedprocess] [info] Scanned user extensions: 3
[2019-01-23 15:45:23.036] [sharedprocess] [info] Scanned user extensions: 3
[2019-01-23 15:50:23.113] [sharedprocess] [info] Scanned user extensions: 3
[2019-01-23 15:55:23.125] [sharedprocess] [info] Scanned user extensions: 3
[2019-01-23 16:00:23.139] [sharedprocess] [info] Scanned user extensions: 3
[2019-01-23 16:05:23.149] [sharedprocess] [info] Scanned user extensions: 3
[2019-01-23 16:10:23.162] [sharedprocess] [info] Scanned user extensions: 3
[2019-01-23 16:15:23.175] [sharedprocess] [info] Scanned user extensions: 3
[2019-01-23 16:20:23.184] [sharedprocess] [info] Scanned user extensions: 3
[2019-01-23 16:25:23.193] [sharedprocess] [info] Scanned user extensions: 3
[2019-01-23 16:30:23.204] [sharedprocess] [info] Scanned user extensions: 3
[2019-01-24 09:50:23.556] [sharedprocess] [info] Scanned user extensions: 3
[2019-01-24 09:55:23.566] [sharedprocess] [info] Scanned user extensions: 3
[2019-01-24 10:45:12.263] [sharedprocess] [info] Scanned user extensions: 3
[2019-01-24 10:50:12.275] [sharedprocess] [info] Scanned user extensions: 3
[2019-01-24 10:55:12.354] [sharedprocess] [info] Scanned user extensions: 3
[2019-01-24 11:00:12.364] [sharedprocess] [info] Scanned user extensions: 3
[2019-01-24 11:05:12.375] [sharedprocess] [info] Scanned user extensions: 3
[2019-01-24 11:10:12.386] [sharedprocess] [info] Scanned user extensions: 3
[2019-01-24 11:15:12.396] [sharedprocess] [info] Scanned user extensions: 3
[2019-01-24 11:20:12.408] [sharedprocess] [info] Scanned user extensions: 3
[2019-01-24 11:25:12.425] [sharedprocess] [info] Scanned user extensions: 3
[2019-01-24 11:30:12.451] [sharedprocess] [info] Scanned user extensions: 3
[2019-01-24 11:35:12.464] [sharedprocess] [info] Scanned user extensions: 3
[2019-01-24 11:40:12.481] [sharedprocess] [info] Scanned user extensions: 3
[2019-01-24 11:45:12.492] [sharedprocess] [info] Scanned user extensions: 3
[2019-01-24 11:50:12.502] [sharedprocess] [info] Scanned user extensions: 3
[2019-01-24 11:55:12.579] [sharedprocess] [info] Scanned user extensions: 3
[2019-01-24 12:00:12.592] [sharedprocess] [info] Scanned user extensions: 3
[2019-01-24 12:43:08.087] [sharedprocess] [info] Scanned user extensions: 3
[2019-01-24 12:48:08.097] [sharedprocess] [info] Scanned user extensions: 3
[2019-01-24 12:53:08.111] [sharedprocess] [info] Scanned user extensions: 3
[2019-01-24 12:58:08.184] [sharedprocess] [info] Scanned user extensions: 3
[2019-01-24 13:03:08.198] [sharedprocess] [info] Scanned user extensions: 3
[2019-01-24 13:08:08.210] [sharedprocess] [info] Scanned user extensions: 3
[2019-01-24 13:13:08.218] [sharedprocess] [info] Scanned user extensions: 3
[2019-01-24 13:18:08.883] [sharedprocess] [info] Scanned user extensions: 3
[2019-01-24 13:23:08.896] [sharedprocess] [info] Scanned user extensions: 3
[2019-01-24 13:28:08.910] [sharedprocess] [info] Scanned user extensions: 3
[2019-01-24 13:33:08.927] [sharedprocess] [info] Scanned user extensions: 3
[2019-01-24 13:38:08.941] [sharedprocess] [info] Scanned user extensions: 3
[2019-01-24 13:43:08.954] [sharedprocess] [info] Scanned user extensions: 3
[2019-01-24 13:48:08.969] [sharedprocess] [info] Scanned user extensions: 3
[2019-01-24 13:53:08.979] [sharedprocess] [info] Scanned user extensions: 3
[2019-01-24 13:58:09.056] [sharedprocess] [info] Scanned user extensions: 3
[2019-01-24 14:03:09.067] [sharedprocess] [info] Scanned user extensions: 3
[2019-01-24 14:08:09.080] [sharedprocess] [info] Scanned user extensions: 3
[2019-01-24 14:13:09.093] [sharedprocess] [info] Scanned user extensions: 3
[2019-01-24 14:18:09.109] [sharedprocess] [info] Scanned user extensions: 3
[2019-01-24 14:23:09.123] [sharedprocess] [info] Scanned user extensions: 3
[2019-01-24 14:28:09.131] [sharedprocess] [info] Scanned user extensions: 3
[2019-01-24 14:33:09.142] [sharedprocess] [info] Scanned user extensions: 3
[2019-01-24 14:38:09.148] [sharedprocess] [info] Scanned user extensions: 3
[2019-01-24 14:43:09.161] [sharedprocess] [info] Scanned user extensions: 3
[2019-01-24 14:48:09.173] [sharedprocess] [info] Scanned user extensions: 3
[2019-01-24 14:53:09.187] [sharedprocess] [info] Scanned user extensions: 3
[2019-01-24 14:58:09.261] [sharedprocess] [info] Scanned user extensions: 3
[2019-01-24 15:03:09.279] [sharedprocess] [info] Scanned user extensions: 3
[2019-01-24 15:08:09.297] [sharedprocess] [info] Scanned user extensions: 3
[2019-01-24 15:13:09.311] [sharedprocess] [info] Scanned user extensions: 3
[2019-01-24 15:18:09.321] [sharedprocess] [info] Scanned user extensions: 3
[2019-01-24 15:23:09.332] [sharedprocess] [info] Scanned user extensions: 3
[2019-01-24 15:28:09.346] [sharedprocess] [info] Scanned user extensions: 3
[2019-01-24 15:33:09.359] [sharedprocess] [info] Scanned user extensions: 3
[2019-01-24 15:38:09.368] [sharedprocess] [info] Scanned user extensions: 3
[2019-01-24 15:43:09.383] [sharedprocess] [info] Scanned user extensions: 3
[2019-01-24 15:48:09.394] [sharedprocess] [info] Scanned user extensions: 3
[2019-01-24 15:53:09.407] [sharedprocess] [info] Scanned user extensions: 3
[2019-01-24 15:58:09.489] [sharedprocess] [info] Scanned user extensions: 3
[2019-01-24 16:03:09.502] [sharedprocess] [info] Scanned user extensions: 3
[2019-01-24 16:08:09.514] [sharedprocess] [info] Scanned user extensions: 3
[2019-01-24 16:13:09.525] [sharedprocess] [info] Scanned user extensions: 3
[2019-01-24 16:18:09.535] [sharedprocess] [info] Scanned user extensions: 3
[2019-01-24 16:23:09.547] [sharedprocess] [info] Scanned user extensions: 3
[2019-01-24 16:28:09.562] [sharedprocess] [info] Scanned user extensions: 3
[2019-01-24 16:33:09.576] [sharedprocess] [info] Scanned user extensions: 3
[2019-01-24 16:38:09.588] [sharedprocess] [info] Scanned user extensions: 3
[2019-01-24 16:43:09.603] [sharedprocess] [info] Scanned user extensions: 3
[2019-01-24 16:48:09.615] [sharedprocess] [info] Scanned user extensions: 3
[2019-01-24 16:53:09.634] [sharedprocess] [info] Scanned user extensions: 3
[2019-01-24 16:58:09.707] [sharedprocess] [info] Scanned user extensions: 3
[2019-01-24 17:03:09.721] [sharedprocess] [info] Scanned user extensions: 3
[2019-01-24 17:08:09.734] [sharedprocess] [info] Scanned user extensions: 3
[2019-01-24 17:13:09.742] [sharedprocess] [info] Scanned user extensions: 3
[2019-01-24 17:18:09.755] [sharedprocess] [info] Scanned user extensions: 3
[2019-01-24 17:23:09.768] [sharedprocess] [info] Scanned user extensions: 3
[2019-01-24 17:28:09.780] [sharedprocess] [info] Scanned user extensions: 3
[2019-01-29 10:13:34.916] [sharedprocess] [info] Scanned user extensions: 3
[2019-01-29 10:17:34.835] [sharedprocess] [info] main {"machineId":"01a3814063daa8e90561cfd49955ab663bb77dfdc19eeb4b57b962426240654d"}
[2019-01-29 10:17:34.900] [sharedprocess] [info] Scanned user extensions: 3
[2019-01-29 10:17:34.914] [sharedprocess] [info] Scanned user extensions: 3
[2019-01-29 10:17:34.936] [sharedprocess] [info] Scanned user extensions: 3
[2019-01-29 10:17:34.984] [sharedprocess] [info] Scanned system extensions: 71
[2019-01-29 10:17:34.985] [sharedprocess] [info] Scanned system extensions: 71
[2019-01-29 10:18:34.929] [sharedprocess] [info] Scanned user extensions: 3
[2019-01-29 10:23:34.945] [sharedprocess] [info] Scanned user extensions: 3
[2019-01-29 10:28:34.956] [sharedprocess] [info] Scanned user extensions: 3
[2019-01-29 10:33:34.974] [sharedprocess] [info] Scanned user extensions: 3
[2019-01-29 10:38:34.986] [sharedprocess] [info] Scanned user extensions: 3
[2019-01-29 10:43:34.999] [sharedprocess] [info] Scanned user extensions: 3
[2019-01-29 10:48:29.587] [sharedprocess] [info] Scanned user extensions: 3
[2019-01-29 10:53:29.599] [sharedprocess] [info] Scanned user extensions: 3
[2019-01-29 10:58:29.615] [sharedprocess] [info] Scanned user extensions: 3
[2019-01-29 11:03:29.621] [sharedprocess] [info] Scanned user extensions: 3
[2019-01-29 11:08:29.633] [sharedprocess] [info] Scanned user extensions: 3
[2019-01-29 11:13:29.711] [sharedprocess] [info] Scanned user extensions: 3
[2019-01-29 11:18:29.722] [sharedprocess] [info] Scanned user extensions: 3
[2019-01-29 11:23:29.729] [sharedprocess] [info] Scanned user extensions: 3
[2019-01-29 11:28:29.740] [sharedprocess] [info] Scanned user extensions: 3
[2019-01-29 11:33:29.756] [sharedprocess] [info] Scanned user extensions: 3
[2019-01-29 11:38:29.769] [sharedprocess] [info] Scanned user extensions: 3
[2019-01-29 11:43:29.779] [sharedprocess] [info] Scanned user extensions: 3
[2019-01-29 11:48:29.791] [sharedprocess] [info] Scanned user extensions: 3
[2019-01-29 11:53:29.804] [sharedprocess] [info] Scanned user extensions: 3
[2019-01-29 11:58:29.817] [sharedprocess] [info] Scanned user extensions: 3
[2019-01-29 12:03:29.826] [sharedprocess] [info] Scanned user extensions: 3
[2019-01-29 12:08:29.839] [sharedprocess] [info] Scanned user extensions: 3
[2019-01-29 12:13:29.909] [sharedprocess] [info] Scanned user extensions: 3
[2019-01-29 12:18:29.923] [sharedprocess] [info] Scanned user extensions: 3
[2019-01-29 12:23:29.933] [sharedprocess] [info] Scanned user extensions: 3
[2019-01-29 12:28:29.946] [sharedprocess] [info] Scanned user extensions: 3
[2019-01-29 12:33:29.958] [sharedprocess] [info] Scanned user extensions: 3
[2019-01-29 12:38:29.970] [sharedprocess] [info] Scanned user extensions: 3
[2019-01-29 12:43:29.982] [sharedprocess] [info] Scanned user extensions: 3
[2019-01-29 12:48:29.998] [sharedprocess] [info] Scanned user extensions: 3
[2019-01-29 12:53:30.007] [sharedprocess] [info] Scanned user extensions: 3
[2019-01-29 12:58:30.016] [sharedprocess] [info] Scanned user extensions: 3
[2019-01-29 13:03:30.025] [sharedprocess] [info] Scanned user extensions: 3
[2019-01-29 13:08:30.038] [sharedprocess] [info] Scanned user extensions: 3
[2019-01-29 13:13:30.112] [sharedprocess] [info] Scanned user extensions: 3
[2019-01-29 13:18:30.123] [sharedprocess] [info] Scanned user extensions: 3
[2019-01-29 13:23:30.136] [sharedprocess] [info] Scanned user extensions: 3
[2019-01-29 13:28:30.144] [sharedprocess] [info] Scanned user extensions: 3
[2019-01-29 13:33:30.157] [sharedprocess] [info] Scanned user extensions: 3
[2019-01-29 13:38:30.171] [sharedprocess] [info] Scanned user extensions: 3
[2019-01-29 13:43:30.184] [sharedprocess] [info] Scanned user extensions: 3
[2019-01-29 13:48:30.196] [sharedprocess] [info] Scanned user extensions: 3
[2019-01-29 13:53:30.209] [sharedprocess] [info] Scanned user extensions: 3
[2019-01-29 13:58:30.218] [sharedprocess] [info] Scanned user extensions: 3
[2019-01-29 14:03:30.234] [sharedprocess] [info] Scanned user extensions: 3
[2019-01-29 14:08:30.250] [sharedprocess] [info] Scanned user extensions: 3
[2019-01-29 14:13:30.330] [sharedprocess] [info] Scanned user extensions: 3
[2019-01-29 14:18:30.345] [sharedprocess] [info] Scanned user extensions: 3
[2019-01-29 14:23:30.360] [sharedprocess] [info] Scanned user extensions: 3
[2019-01-29 14:28:30.372] [sharedprocess] [info] Scanned user extensions: 3
[2019-01-29 14:33:30.386] [sharedprocess] [info] Scanned user extensions: 3
[2019-01-29 14:38:30.397] [sharedprocess] [info] Scanned user extensions: 3
[2019-01-29 14:43:30.406] [sharedprocess] [info] Scanned user extensions: 3
[2019-01-29 14:48:30.417] [sharedprocess] [info] Scanned user extensions: 3
[2019-01-29 14:53:30.426] [sharedprocess] [info] Scanned user extensions: 3
[2019-01-29 15:14:46.644] [sharedprocess] [info] Scanned user extensions: 3
[2019-01-29 15:19:46.656] [sharedprocess] [info] Scanned user extensions: 3
[2019-01-29 15:24:46.670] [sharedprocess] [info] Scanned user extensions: 3
[2019-01-29 15:29:46.687] [sharedprocess] [info] Scanned user extensions: 3
[2019-01-29 15:34:46.700] [sharedprocess] [info] Scanned user extensions: 3
[2019-01-29 15:39:46.713] [sharedprocess] [info] Scanned user extensions: 3
[2019-01-29 15:44:46.726] [sharedprocess] [info] Scanned user extensions: 3
[2019-01-29 15:49:47.247] [sharedprocess] [info] Scanned user extensions: 3
[2019-01-29 15:54:47.259] [sharedprocess] [info] Scanned user extensions: 3
[2019-01-29 15:59:47.272] [sharedprocess] [info] Scanned user extensions: 3
[2019-01-29 16:04:47.289] [sharedprocess] [info] Scanned user extensions: 3
[2019-01-29 16:06:58.261] [sharedprocess] [info] Scanned user extensions: 3
[2019-01-29 16:06:58.312] [sharedprocess] [info] Scanned user extensions: 3
[2019-01-29 16:06:58.317] [sharedprocess] [info] Scanned user extensions: 3
[2019-01-29 16:06:58.321] [sharedprocess] [info] Scanned user extensions: 3
[2019-01-29 16:06:58.403] [sharedprocess] [info] Scanned system extensions: 71
[2019-01-29 16:06:58.407] [sharedprocess] [info] Scanned system extensions: 71
[2019-01-29 16:06:58.410] [sharedprocess] [info] Scanned system extensions: 71
[2019-01-29 16:07:56.504] [sharedprocess] [info] Scanned user extensions: 3
[2019-01-29 16:09:47.297] [sharedprocess] [info] Scanned user extensions: 3
[2019-01-29 16:14:47.470] [sharedprocess] [info] Scanned user extensions: 3
[2019-01-29 16:19:47.485] [sharedprocess] [info] Scanned user extensions: 3
[2019-01-29 16:24:47.497] [sharedprocess] [info] Scanned user extensions: 3
[2019-01-29 16:29:47.506] [sharedprocess] [info] Scanned user extensions: 3
[2019-01-29 16:34:47.520] [sharedprocess] [info] Scanned user extensions: 3
[2019-01-29 16:39:47.530] [sharedprocess] [info] Scanned user extensions: 3
[2019-01-29 16:44:47.541] [sharedprocess] [info] Scanned user extensions: 3
[2019-01-29 16:49:47.557] [sharedprocess] [info] Scanned user extensions: 3
[2019-01-29 16:54:47.568] [sharedprocess] [info] Scanned user extensions: 3
[2019-01-29 16:59:47.580] [sharedprocess] [info] Scanned user extensions: 3
[2019-01-29 17:04:47.592] [sharedprocess] [info] Scanned user extensions: 3
[2019-01-29 17:09:47.605] [sharedprocess] [info] Scanned user extensions: 3
[2019-01-29 17:14:47.685] [sharedprocess] [info] Scanned user extensions: 3
[2019-01-29 17:19:47.697] [sharedprocess] [info] Scanned user extensions: 3
[2019-01-29 17:24:47.710] [sharedprocess] [info] Scanned user extensions: 3
[2019-01-29 17:29:47.723] [sharedprocess] [info] Scanned user extensions: 3
[2019-01-29 17:34:47.734] [sharedprocess] [info] Scanned user extensions: 3
[2019-01-29 17:39:47.747] [sharedprocess] [info] Scanned user extensions: 3
[2019-01-29 17:44:47.757] [sharedprocess] [info] Scanned user extensions: 3
[2019-01-29 17:49:47.769] [sharedprocess] [info] Scanned user extensions: 3
[2019-01-29 17:54:47.781] [sharedprocess] [info] Scanned user extensions: 3
[2019-01-29 17:59:47.793] [sharedprocess] [info] Scanned user extensions: 3
[2019-01-29 18:04:47.806] [sharedprocess] [info] Scanned user extensions: 3
[2019-01-29 18:09:47.822] [sharedprocess] [info] Scanned user extensions: 3
[2019-01-29 18:14:47.899] [sharedprocess] [info] Scanned user extensions: 3
[2019-01-29 18:19:47.913] [sharedprocess] [info] Scanned user extensions: 3
[2019-01-29 18:24:47.925] [sharedprocess] [info] Scanned user extensions: 3
[2019-01-29 18:29:47.938] [sharedprocess] [info] Scanned user extensions: 3
[2019-01-29 18:34:47.950] [sharedprocess] [info] Scanned user extensions: 3
[2019-01-29 18:39:47.963] [sharedprocess] [info] Scanned user extensions: 3
[2019-01-29 18:44:47.978] [sharedprocess] [info] Scanned user extensions: 3
[2019-01-29 18:49:47.990] [sharedprocess] [info] Scanned user extensions: 3
[2019-01-29 18:54:48.002] [sharedprocess] [info] Scanned user extensions: 3
[2019-01-29 18:59:48.014] [sharedprocess] [info] Scanned user extensions: 3
[2019-01-29 19:04:48.028] [sharedprocess] [info] Scanned user extensions: 3
[2019-01-29 19:09:48.043] [sharedprocess] [info] Scanned user extensions: 3
[2019-01-29 19:14:48.119] [sharedprocess] [info] Scanned user extensions: 3
[2019-01-29 19:19:48.130] [sharedprocess] [info] Scanned user extensions: 3
[2019-01-29 19:24:48.143] [sharedprocess] [info] Scanned user extensions: 3
[2019-01-29 19:29:48.155] [sharedprocess] [info] Scanned user extensions: 3
[2019-01-29 19:34:48.167] [sharedprocess] [info] Scanned user extensions: 3
[2019-01-29 19:39:48.179] [sharedprocess] [info] Scanned user extensions: 3
[2019-01-29 19:44:48.192] [sharedprocess] [info] Scanned user extensions: 3
[2019-01-29 19:49:48.204] [sharedprocess] [info] Scanned user extensions: 3
[2019-01-29 19:54:48.216] [sharedprocess] [info] Scanned user extensions: 3
[2019-01-29 19:59:48.228] [sharedprocess] [info] Scanned user extensions: 3
[2019-01-29 20:04:48.242] [sharedprocess] [info] Scanned user extensions: 3
[2019-01-29 20:09:48.253] [sharedprocess] [info] Scanned user extensions: 3
[2019-01-29 20:14:48.330] [sharedprocess] [info] Scanned user extensions: 3
[2019-01-29 20:19:48.340] [sharedprocess] [info] Scanned user extensions: 3
[2019-01-29 20:24:48.353] [sharedprocess] [info] Scanned user extensions: 3
[2019-01-29 20:29:48.365] [sharedprocess] [info] Scanned user extensions: 3
[2019-01-29 20:34:48.377] [sharedprocess] [info] Scanned user extensions: 3
[2019-01-29 20:39:48.389] [sharedprocess] [info] Scanned user extensions: 3
[2019-01-29 20:44:48.402] [sharedprocess] [info] Scanned user extensions: 3
[2019-01-29 20:49:48.414] [sharedprocess] [info] Scanned user extensions: 3
[2019-01-29 20:54:48.426] [sharedprocess] [info] Scanned user extensions: 3
[2019-01-29 20:59:48.442] [sharedprocess] [info] Scanned user extensions: 3
[2019-01-29 21:04:48.453] [sharedprocess] [info] Scanned user extensions: 3
[2019-01-29 21:09:48.466] [sharedprocess] [info] Scanned user extensions: 3
[2019-01-29 21:14:48.548] [sharedprocess] [info] Scanned user extensions: 3
[2019-01-29 21:19:48.560] [sharedprocess] [info] Scanned user extensions: 3
[2019-01-29 21:24:48.572] [sharedprocess] [info] Scanned user extensions: 3
[2019-01-29 21:29:48.584] [sharedprocess] [info] Scanned user extensions: 3
[2019-01-29 21:34:48.596] [sharedprocess] [info] Scanned user extensions: 3
[2019-01-29 21:39:48.609] [sharedprocess] [info] Scanned user extensions: 3
[2019-01-29 21:44:48.621] [sharedprocess] [info] Scanned user extensions: 3
[2019-01-29 21:49:48.630] [sharedprocess] [info] Scanned user extensions: 3
[2019-01-29 21:54:48.642] [sharedprocess] [info] Scanned user extensions: 3
[2019-01-29 21:59:48.655] [sharedprocess] [info] Scanned user extensions: 3
[2019-01-29 22:04:48.666] [sharedprocess] [info] Scanned user extensions: 3
[2019-01-29 22:09:48.680] [sharedprocess] [info] Scanned user extensions: 3
[2019-01-29 22:14:48.761] [sharedprocess] [info] Scanned user extensions: 3
[2019-01-29 22:19:48.774] [sharedprocess] [info] Scanned user extensions: 3
[2019-01-29 22:24:48.789] [sharedprocess] [info] Scanned user extensions: 3
[2019-01-29 22:29:48.801] [sharedprocess] [info] Scanned user extensions: 3
[2019-01-29 22:34:48.813] [sharedprocess] [info] Scanned user extensions: 3
[2019-01-29 22:39:48.826] [sharedprocess] [info] Scanned user extensions: 3
[2019-01-29 22:44:48.838] [sharedprocess] [info] Scanned user extensions: 3
[2019-01-29 22:49:48.852] [sharedprocess] [info] Scanned user extensions: 3
[2019-01-29 22:54:48.865] [sharedprocess] [info] Scanned user extensions: 3
[2019-01-29 22:59:48.877] [sharedprocess] [info] Scanned user extensions: 3
[2019-01-29 23:04:48.889] [sharedprocess] [info] Scanned user extensions: 3
[2019-01-29 23:09:48.901] [sharedprocess] [info] Scanned user extensions: 3
[2019-01-29 23:14:48.982] [sharedprocess] [info] Scanned user extensions: 3
[2019-01-29 23:19:48.994] [sharedprocess] [info] Scanned user extensions: 3
[2019-01-29 23:24:49.006] [sharedprocess] [info] Scanned user extensions: 3
[2019-01-29 23:29:49.017] [sharedprocess] [info] Scanned user extensions: 3
[2019-01-29 23:34:49.033] [sharedprocess] [info] Scanned user extensions: 3
[2019-01-29 23:39:49.045] [sharedprocess] [info] Scanned user extensions: 3
[2019-01-29 23:44:49.059] [sharedprocess] [info] Scanned user extensions: 3
[2019-01-29 23:49:49.065] [sharedprocess] [info] Scanned user extensions: 3
[2019-01-29 23:54:49.072] [sharedprocess] [info] Scanned user extensions: 3
[2019-01-29 23:59:49.078] [sharedprocess] [info] Scanned user extensions: 3
[2019-01-30 00:04:49.089] [sharedprocess] [info] Scanned user extensions: 3
[2019-01-30 00:09:49.103] [sharedprocess] [info] Scanned user extensions: 3
[2019-01-30 00:14:49.180] [sharedprocess] [info] Scanned user extensions: 3
[2019-01-30 00:19:49.193] [sharedprocess] [info] Scanned user extensions: 3
[2019-01-30 00:24:49.201] [sharedprocess] [info] Scanned user extensions: 3
[2019-01-30 00:29:49.214] [sharedprocess] [info] Scanned user extensions: 3
[2019-01-30 00:34:49.226] [sharedprocess] [info] Scanned user extensions: 3
[2019-01-30 00:39:49.240] [sharedprocess] [info] Scanned user extensions: 3
[2019-01-30 00:44:49.253] [sharedprocess] [info] Scanned user extensions: 3
[2019-01-30 00:49:49.265] [sharedprocess] [info] Scanned user extensions: 3
[2019-01-30 00:54:49.280] [sharedprocess] [info] Scanned user extensions: 3
[2019-01-30 00:59:49.293] [sharedprocess] [info] Scanned user extensions: 3
[2019-01-30 01:04:49.304] [sharedprocess] [info] Scanned user extensions: 3
[2019-01-30 01:09:49.315] [sharedprocess] [info] Scanned user extensions: 3
[2019-01-30 01:14:49.394] [sharedprocess] [info] Scanned user extensions: 3
[2019-01-30 01:19:49.405] [sharedprocess] [info] Scanned user extensions: 3
[2019-01-30 01:24:49.417] [sharedprocess] [info] Scanned user extensions: 3
[2019-01-30 01:29:49.432] [sharedprocess] [info] Scanned user extensions: 3
[2019-01-30 01:34:49.445] [sharedprocess] [info] Scanned user extensions: 3
[2019-01-30 01:39:49.457] [sharedprocess] [info] Scanned user extensions: 3
[2019-01-30 01:44:49.472] [sharedprocess] [info] Scanned user extensions: 3
[2019-01-30 01:49:49.484] [sharedprocess] [info] Scanned user extensions: 3
[2019-01-30 01:54:49.496] [sharedprocess] [info] Scanned user extensions: 3
[2019-01-30 01:59:49.508] [sharedprocess] [info] Scanned user extensions: 3
[2019-01-30 02:04:49.519] [sharedprocess] [info] Scanned user extensions: 3
[2019-01-30 02:09:49.532] [sharedprocess] [info] Scanned user extensions: 3
[2019-01-30 02:14:49.610] [sharedprocess] [info] Scanned user extensions: 3
[2019-01-30 02:19:49.622] [sharedprocess] [info] Scanned user extensions: 3
[2019-01-30 02:24:49.635] [sharedprocess] [info] Scanned user extensions: 3
[2019-01-30 02:29:49.647] [sharedprocess] [info] Scanned user extensions: 3
[2019-01-30 02:34:49.659] [sharedprocess] [info] Scanned user extensions: 3
[2019-01-30 02:39:49.671] [sharedprocess] [info] Scanned user extensions: 3
[2019-01-30 02:44:49.685] [sharedprocess] [info] Scanned user extensions: 3
[2019-01-30 02:49:49.696] [sharedprocess] [info] Scanned user extensions: 3
[2019-01-30 02:54:49.707] [sharedprocess] [info] Scanned user extensions: 3
[2019-01-30 02:59:49.719] [sharedprocess] [info] Scanned user extensions: 3
[2019-01-30 03:04:49.736] [sharedprocess] [info] Scanned user extensions: 3
[2019-01-30 03:09:49.747] [sharedprocess] [info] Scanned user extensions: 3
[2019-01-30 03:14:49.823] [sharedprocess] [info] Scanned user extensions: 3
[2019-01-30 03:19:49.835] [sharedprocess] [info] Scanned user extensions: 3
[2019-01-30 03:24:49.848] [sharedprocess] [info] Scanned user extensions: 3
[2019-01-30 03:29:49.860] [sharedprocess] [info] Scanned user extensions: 3
[2019-01-30 03:34:49.872] [sharedprocess] [info] Scanned user extensions: 3
[2019-01-30 03:39:49.884] [sharedprocess] [info] Scanned user extensions: 3
[2019-01-30 03:44:49.894] [sharedprocess] [info] Scanned user extensions: 3
[2019-01-30 03:49:49.905] [sharedprocess] [info] Scanned user extensions: 3
[2019-01-30 03:54:49.917] [sharedprocess] [info] Scanned user extensions: 3
[2019-01-30 03:59:49.928] [sharedprocess] [info] Scanned user extensions: 3
[2019-01-30 04:04:49.942] [sharedprocess] [info] Scanned user extensions: 3
[2019-01-30 04:09:49.957] [sharedprocess] [info] Scanned user extensions: 3
[2019-01-30 04:14:50.038] [sharedprocess] [info] Scanned user extensions: 3
[2019-01-30 04:19:50.050] [sharedprocess] [info] Scanned user extensions: 3
[2019-01-30 04:24:50.066] [sharedprocess] [info] Scanned user extensions: 3
[2019-01-30 04:29:50.078] [sharedprocess] [info] Scanned user extensions: 3
[2019-01-30 04:34:50.084] [sharedprocess] [info] Scanned user extensions: 3
[2019-01-30 04:39:50.095] [sharedprocess] [info] Scanned user extensions: 3
[2019-01-30 04:44:50.107] [sharedprocess] [info] Scanned user extensions: 3
[2019-01-30 04:49:50.119] [sharedprocess] [info] Scanned user extensions: 3
[2019-01-30 04:54:50.131] [sharedprocess] [info] Scanned user extensions: 3
[2019-01-30 04:59:50.146] [sharedprocess] [info] Scanned user extensions: 3
[2019-01-30 05:04:50.157] [sharedprocess] [info] Scanned user extensions: 3
[2019-01-30 05:09:50.169] [sharedprocess] [info] Scanned user extensions: 3
[2019-01-30 05:14:50.252] [sharedprocess] [info] Scanned user extensions: 3
[2019-01-30 05:19:50.264] [sharedprocess] [info] Scanned user extensions: 3
[2019-01-30 05:24:50.276] [sharedprocess] [info] Scanned user extensions: 3
[2019-01-30 05:29:50.287] [sharedprocess] [info] Scanned user extensions: 3
[2019-01-30 05:34:50.299] [sharedprocess] [info] Scanned user extensions: 3
[2019-01-30 05:39:50.312] [sharedprocess] [info] Scanned user extensions: 3
[2019-01-30 05:44:50.325] [sharedprocess] [info] Scanned user extensions: 3
[2019-01-30 05:49:50.337] [sharedprocess] [info] Scanned user extensions: 3
[2019-01-30 05:54:50.349] [sharedprocess] [info] Scanned user extensions: 3
[2019-01-30 05:59:50.359] [sharedprocess] [info] Scanned user extensions: 3
[2019-01-30 06:04:50.371] [sharedprocess] [info] Scanned user extensions: 3
[2019-01-30 06:09:50.380] [sharedprocess] [info] Scanned user extensions: 3
[2019-01-30 06:14:50.458] [sharedprocess] [info] Scanned user extensions: 3
[2019-01-30 06:19:50.470] [sharedprocess] [info] Scanned user extensions: 3
[2019-01-30 06:24:50.482] [sharedprocess] [info] Scanned user extensions: 3
[2019-01-30 06:29:50.497] [sharedprocess] [info] Scanned user extensions: 3
[2019-01-30 06:34:50.510] [sharedprocess] [info] Scanned user extensions: 3
[2019-01-30 06:39:50.526] [sharedprocess] [info] Scanned user extensions: 3
[2019-01-30 06:44:50.537] [sharedprocess] [info] Scanned user extensions: 3
[2019-01-30 06:49:50.548] [sharedprocess] [info] Scanned user extensions: 3
[2019-01-30 06:54:50.561] [sharedprocess] [info] Scanned user extensions: 3
[2019-01-30 06:59:50.574] [sharedprocess] [info] Scanned user extensions: 3
[2019-01-30 07:04:50.588] [sharedprocess] [info] Scanned user extensions: 3
[2019-01-30 07:09:50.600] [sharedprocess] [info] Scanned user extensions: 3
[2019-01-30 07:14:50.680] [sharedprocess] [info] Scanned user extensions: 3
[2019-01-30 07:19:50.692] [sharedprocess] [info] Scanned user extensions: 3
[2019-01-30 07:24:50.704] [sharedprocess] [info] Scanned user extensions: 3
[2019-01-30 07:29:50.717] [sharedprocess] [info] Scanned user extensions: 3
[2019-01-30 07:34:50.730] [sharedprocess] [info] Scanned user extensions: 3
[2019-01-30 07:39:50.741] [sharedprocess] [info] Scanned user extensions: 3
[2019-01-30 07:44:50.754] [sharedprocess] [info] Scanned user extensions: 3
[2019-01-30 07:49:50.766] [sharedprocess] [info] Scanned user extensions: 3
[2019-01-30 07:54:50.778] [sharedprocess] [info] Scanned user extensions: 3
[2019-01-30 07:59:50.790] [sharedprocess] [info] Scanned user extensions: 3
[2019-01-30 08:04:50.803] [sharedprocess] [info] Scanned user extensions: 3
[2019-01-30 08:09:50.816] [sharedprocess] [info] Scanned user extensions: 3
[2019-01-30 08:14:50.893] [sharedprocess] [info] Scanned user extensions: 3
[2019-01-30 08:19:50.904] [sharedprocess] [info] Scanned user extensions: 3
[2019-01-30 08:24:50.916] [sharedprocess] [info] Scanned user extensions: 3
[2019-01-30 08:29:50.932] [sharedprocess] [info] Scanned user extensions: 3
[2019-01-30 08:34:50.943] [sharedprocess] [info] Scanned user extensions: 3
[2019-01-30 08:39:50.958] [sharedprocess] [info] Scanned user extensions: 3
[2019-01-30 08:44:50.968] [sharedprocess] [info] Scanned user extensions: 3
[2019-01-30 08:49:50.981] [sharedprocess] [info] Scanned user extensions: 3
[2019-01-30 08:54:50.993] [sharedprocess] [info] Scanned user extensions: 3
[2019-01-30 08:59:51.006] [sharedprocess] [info] Scanned user extensions: 3
[2019-01-30 09:04:51.018] [sharedprocess] [info] Scanned user extensions: 3
[2019-01-30 09:09:51.030] [sharedprocess] [info] Scanned user extensions: 3
[2019-01-30 09:14:51.108] [sharedprocess] [info] Scanned user extensions: 3
[2019-01-30 09:19:51.120] [sharedprocess] [info] Scanned user extensions: 3
[2019-01-30 09:24:51.132] [sharedprocess] [info] Scanned user extensions: 3
[2019-01-30 09:29:51.145] [sharedprocess] [info] Scanned user extensions: 3
[2019-01-30 09:34:51.157] [sharedprocess] [info] Scanned user extensions: 3
[2019-01-30 09:39:51.169] [sharedprocess] [info] Scanned user extensions: 3
[2019-01-30 09:44:51.180] [sharedprocess] [info] Scanned user extensions: 3
[2019-01-30 09:49:51.188] [sharedprocess] [info] Scanned user extensions: 3
[2019-01-30 09:54:51.199] [sharedprocess] [info] Scanned user extensions: 3
[2019-01-30 09:59:51.211] [sharedprocess] [info] Scanned user extensions: 3
[2019-01-30 10:04:51.224] [sharedprocess] [info] Scanned user extensions: 3
[2019-01-30 10:09:51.235] [sharedprocess] [info] Scanned user extensions: 3
[2019-01-30 10:14:51.305] [sharedprocess] [info] Scanned user extensions: 3
[2019-01-30 10:19:51.311] [sharedprocess] [info] Scanned user extensions: 3
[2019-01-30 10:24:51.320] [sharedprocess] [info] Scanned user extensions: 3
[2019-01-30 10:29:51.332] [sharedprocess] [info] Scanned user extensions: 3
[2019-01-30 10:34:51.345] [sharedprocess] [info] Scanned user extensions: 3
[2019-01-30 10:39:51.357] [sharedprocess] [info] Scanned user extensions: 3
[2019-01-30 10:44:51.370] [sharedprocess] [info] Scanned user extensions: 3
[2019-01-30 10:49:51.383] [sharedprocess] [info] Scanned user extensions: 3
[2019-01-30 10:54:51.397] [sharedprocess] [info] Scanned user extensions: 3
[2019-01-30 10:59:51.409] [sharedprocess] [info] Scanned user extensions: 3
[2019-01-30 11:04:51.418] [sharedprocess] [info] Scanned user extensions: 3
[2019-01-30 11:09:51.430] [sharedprocess] [info] Scanned user extensions: 3
[2019-01-30 11:14:51.510] [sharedprocess] [info] Scanned user extensions: 3
[2019-01-30 11:19:51.526] [sharedprocess] [info] Scanned user extensions: 3
[2019-01-30 11:24:51.534] [sharedprocess] [info] Scanned user extensions: 3
[2019-01-30 11:29:51.547] [sharedprocess] [info] Scanned user extensions: 3
[2019-01-30 11:34:51.565] [sharedprocess] [info] Scanned user extensions: 3
[2019-01-30 11:39:51.578] [sharedprocess] [info] Scanned user extensions: 3
[2019-01-30 11:44:51.587] [sharedprocess] [info] Scanned user extensions: 3
[2019-01-30 11:49:51.596] [sharedprocess] [info] Scanned user extensions: 3
[2019-01-30 11:54:51.611] [sharedprocess] [info] Scanned user extensions: 3
[2019-01-30 11:59:51.623] [sharedprocess] [info] Scanned user extensions: 3
[2019-01-30 12:04:51.637] [sharedprocess] [info] Scanned user extensions: 3
[2019-01-30 12:09:51.650] [sharedprocess] [info] Scanned user extensions: 3
[2019-01-30 12:14:51.723] [sharedprocess] [info] Scanned user extensions: 3
[2019-01-30 13:08:41.446] [sharedprocess] [info] Scanned user extensions: 3
[2019-01-30 13:13:41.458] [sharedprocess] [info] Scanned user extensions: 3
[2019-01-30 13:18:41.531] [sharedprocess] [info] Scanned user extensions: 3
[2019-01-30 13:23:41.543] [sharedprocess] [info] Scanned user extensions: 3
[2019-01-30 13:28:41.553] [sharedprocess] [info] Scanned user extensions: 3
[2019-01-30 13:33:41.562] [sharedprocess] [info] Scanned user extensions: 3
[2019-01-30 13:38:41.572] [sharedprocess] [info] Scanned user extensions: 3
[2019-01-30 13:43:41.588] [sharedprocess] [info] Scanned user extensions: 3
[2019-01-30 13:48:41.600] [sharedprocess] [info] Scanned user extensions: 3
[2019-01-30 13:53:41.613] [sharedprocess] [info] Scanned user extensions: 3
[2019-01-30 13:58:41.623] [sharedprocess] [info] Scanned user extensions: 3
[2019-01-30 14:03:41.634] [sharedprocess] [info] Scanned user extensions: 3
[2019-01-30 14:08:41.651] [sharedprocess] [info] Scanned user extensions: 3
